<?xml version="1.0" encoding="UTF-8"?>
<!-- Generated by org.testng.reporters.JUnitReportReporter -->
<testsuite hostname="AITHCLT046" failures="0" tests="1" name="com.InitiatorTestRunner.BPRMasterPreReqInitiation" time="27.565" errors="0" timestamp="2025-01-31T11:30:23 IST" skipped="0">
  <testcase classname="com.InitiatorTestRunner.BPRMasterPreReqInitiation" name="bprmasterreqinitiation" time="27.565"/>
</testsuite> <!-- com.InitiatorTestRunner.BPRMasterPreReqInitiation -->
