<?xml version="1.0" encoding="UTF-8"?>
<!-- Generated by org.testng.reporters.JUnitReportReporter -->
<testsuite hostname="AILT-100247" failures="0" tests="1" name="com.ProductionHODTestRunner.MasterApprovalByProductionHOD" time="35.041" errors="0" timestamp="2025-01-20T12:49:35 IST" skipped="0">
  <testcase classname="com.ProductionHODTestRunner.MasterApprovalByProductionHOD" name="productionhodapproval" time="35.041"/>
</testsuite> <!-- com.ProductionHODTestRunner.MasterApprovalByProductionHOD -->
