<?xml version="1.0" encoding="UTF-8"?>
<!-- Generated by org.testng.reporters.JUnitReportReporter -->
<testsuite hostname="AILT-100247" failures="0" tests="2" name="com.QAOfficerTestRunner.BMRBatchCorrectionInitiation" time="147.811" errors="0" timestamp="2024-12-23T17:58:14 IST" skipped="0">
  <testcase classname="com.QAOfficerTestRunner.BMRBatchCorrectionInitiation" name="BatchCorrectionInitiation" time="76.048"/>
  <testcase classname="com.QAOfficerTestRunner.BMRBatchCorrectionInitiation" name="BatchCorrectionReInitiation" time="71.763"/>
</testsuite> <!-- com.QAOfficerTestRunner.BMRBatchCorrectionInitiation -->
