<?xml version="1.0" encoding="UTF-8"?>
<!-- Generated by org.testng.reporters.JUnitReportReporter -->
<testsuite hostname="AITHCLT046" failures="0" tests="1" name="com.IPQATestRunner.BPRBatchClosureReview" time="23.363" errors="0" timestamp="2025-01-31T11:10:02 IST" skipped="0">
  <testcase classname="com.IPQATestRunner.BPRBatchClosureReview" name="batchCompletionReview" time="23.363"/>
</testsuite> <!-- com.IPQATestRunner.BPRBatchClosureReview -->
