<?xml version="1.0" encoding="UTF-8"?>
<!-- Generated by org.testng.reporters.JUnitReportReporter -->
<testsuite hostname="AITHCLT046" failures="0" tests="2" name="com.QAHODorInchargeTestRunner.BMRBatchCorrectionApproval" time="69.178" errors="0" timestamp="2025-02-01T17:36:33 IST" skipped="0">
  <testcase classname="com.QAHODorInchargeTestRunner.BMRBatchCorrectionApproval" name="BatchCorrectionApproval" time="34.788"/>
  <testcase classname="com.QAHODorInchargeTestRunner.BMRBatchCorrectionApproval" name="BatchCorrectionReturn" time="34.390"/>
</testsuite> <!-- com.QAHODorInchargeTestRunner.BMRBatchCorrectionApproval -->
