<?xml version="1.0" encoding="UTF-8"?>
<!-- Generated by org.testng.reporters.JUnitReportReporter -->
<testsuite hostname="AILT-100247" failures="0" tests="1" name="com.QAHODorInchargeTestRunner.BPRBatchRecordCorrectionApproval" time="57.819" errors="0" timestamp="2024-12-13T16:35:40 IST" skipped="0">
  <testcase classname="com.QAHODorInchargeTestRunner.BPRBatchRecordCorrectionApproval" name="bprBatchCorrectionReturn" time="57.819"/>
</testsuite> <!-- com.QAHODorInchargeTestRunner.BPRBatchRecordCorrectionApproval -->
