<?xml version="1.0" encoding="UTF-8"?>
<!-- Generated by org.testng.reporters.JUnitReportReporter -->
<testsuite hostname="AITHCLT046" failures="0" tests="2" name="com.QAOfficerTestRunner.BPRPrintIssuanceandPrint" time="80.039" errors="0" timestamp="2025-02-07T15:12:09 IST" skipped="0">
  <testcase classname="com.QAOfficerTestRunner.BPRPrintIssuanceandPrint" name="print" time="39.665"/>
  <testcase classname="com.QAOfficerTestRunner.BPRPrintIssuanceandPrint" name="issue" time="40.374"/>
</testsuite> <!-- com.QAOfficerTestRunner.BPRPrintIssuanceandPrint -->
