<?xml version="1.0" encoding="UTF-8"?>
<!-- Generated by org.testng.reporters.JUnitReportReporter -->
<testsuite hostname="AITHCLT046" failures="0" tests="2" name="com.QAHODorInchargeTestRunner.BMRbatchClosureApproval" time="99.842" errors="0" timestamp="2025-05-15T10:54:53 IST" skipped="0">
  <testcase classname="com.QAHODorInchargeTestRunner.BMRbatchClosureApproval" name="batchclosureReturn" time="49.703"/>
  <testcase classname="com.QAHODorInchargeTestRunner.BMRbatchClosureApproval" name="batchclosureApproval" time="50.139"/>
</testsuite> <!-- com.QAHODorInchargeTestRunner.BMRbatchClosureApproval -->
