<?xml version="1.0" encoding="UTF-8"?>
<!-- Generated by org.testng.reporters.JUnitReportReporter -->
<testsuite hostname="AITHCLT046" failures="0" tests="1" name="com.TechTransferTestRunner.BPRMasterApproval" time="32.231" errors="0" timestamp="2025-02-07T11:11:39 IST" skipped="0">
  <testcase classname="com.TechTransferTestRunner.BPRMasterApproval" name="bprmasterApprovalbyTechtransfer" time="32.231"/>
</testsuite> <!-- com.TechTransferTestRunner.BPRMasterApproval -->
