<?xml version="1.0" encoding="UTF-8"?>
<!-- Generated by org.testng.reporters.JUnitReportReporter -->
<testsuite hostname="AILT-100247" failures="0" tests="3" name="com.ProductionInchargeTestRunner.BMRAdditionalPageReview" time="129.779" errors="0" timestamp="2024-12-23T14:30:48 IST" skipped="0">
  <testcase classname="com.ProductionInchargeTestRunner.BMRAdditionalPageReview" name="additionalPageReview" time="43.180"/>
  <testcase classname="com.ProductionInchargeTestRunner.BMRAdditionalPageReview" name="additionalPageReturn" time="43.257"/>
  <testcase classname="com.ProductionInchargeTestRunner.BMRAdditionalPageReview" name="additionalPageReview" time="43.342"/>
</testsuite> <!-- com.ProductionInchargeTestRunner.BMRAdditionalPageReview -->
