<?xml version="1.0" encoding="UTF-8"?>
<!-- Generated by org.testng.reporters.JUnitReportReporter -->
<testsuite hostname="AILT-100247" failures="0" tests="2" name="com.QAHODorInchargeTestRunner.BMRBatchCorrectionApproval" time="123.571" errors="0" timestamp="2024-12-23T17:58:14 IST" skipped="0">
  <testcase classname="com.QAHODorInchargeTestRunner.BMRBatchCorrectionApproval" name="BatchCorrectionApproval" time="60.401"/>
  <testcase classname="com.QAHODorInchargeTestRunner.BMRBatchCorrectionApproval" name="BatchCorrectionReturn" time="63.170"/>
</testsuite> <!-- com.QAHODorInchargeTestRunner.BMRBatchCorrectionApproval -->
