<?xml version="1.0" encoding="UTF-8"?>
<!-- Generated by org.testng.reporters.JUnitReportReporter -->
<testsuite hostname="AITHCLT046" failures="0" tests="2" name="com.InitiatorTestRunner.BPRProductDetailsInitiation" time="166.197" errors="0" timestamp="2025-01-30T10:09:06 IST" skipped="0">
  <testcase classname="com.InitiatorTestRunner.BPRProductDetailsInitiation" name="blisterproductInitiation" time="110.753"/>
  <testcase classname="com.InitiatorTestRunner.BPRProductDetailsInitiation" name="blisterproductReInitiation" time="55.444"/>
</testsuite> <!-- com.InitiatorTestRunner.BPRProductDetailsInitiation -->
