<?xml version="1.0" encoding="UTF-8"?>
<!-- Generated by org.testng.reporters.JUnitReportReporter -->
<testsuite hostname="AILT-100247" failures="0" tests="1" name="com.QADocCellTestRunner.BMRMasterPreparationRequestApprovalorRejection" time="46.025" errors="0" timestamp="2025-01-20T14:13:22 IST" skipped="0">
  <testcase classname="com.QADocCellTestRunner.BMRMasterPreparationRequestApprovalorRejection" name="bmrmasterreqapproval" time="46.025"/>
</testsuite> <!-- com.QADocCellTestRunner.BMRMasterPreparationRequestApprovalorRejection -->
