<?xml version="1.0" encoding="UTF-8"?>
<!-- Generated by org.testng.reporters.JUnitReportReporter -->
<testsuite hostname="AITHCLT046" failures="0" tests="2" name="com.InitiatorTestRunner.BPRMasterPreReqInitiation" time="56.701" errors="0" timestamp="2025-02-07T11:02:01 IST" skipped="0">
  <testcase classname="com.InitiatorTestRunner.BPRMasterPreReqInitiation" name="bprmasterreqinitiation" time="28.305"/>
  <testcase classname="com.InitiatorTestRunner.BPRMasterPreReqInitiation" name="bprmasterreqinitiation" time="28.396"/>
</testsuite> <!-- com.InitiatorTestRunner.BPRMasterPreReqInitiation -->
