<?xml version="1.0" encoding="UTF-8"?>
<!-- Generated by org.testng.reporters.JUnitReportReporter -->
<testsuite hostname="AILT-100247" failures="0" tests="1" name="com.ProductionExecutiveTestRunner.BPRUnUsedQunatityInitiation" time="55.593" errors="0" timestamp="2024-12-13T09:16:01 IST" skipped="0">
  <testcase classname="com.ProductionExecutiveTestRunner.BPRUnUsedQunatityInitiation" name="unusedqtyInitiation" time="55.593"/>
</testsuite> <!-- com.ProductionExecutiveTestRunner.BPRUnUsedQunatityInitiation -->
