<?xml version="1.0" encoding="UTF-8"?>
<!-- Generated by org.testng.reporters.JUnitReportReporter -->
<testsuite hostname="AITHCLT046" failures="0" tests="2" name="com.QAHODorInchargeTestRunner.BPRBeforePrintCancelApprovalorRejection" time="65.826" errors="0" timestamp="2025-02-07T11:22:22 IST" skipped="0">
  <testcase classname="com.QAHODorInchargeTestRunner.BPRBeforePrintCancelApprovalorRejection" name="beforePrintCancelRejection" time="32.539"/>
  <testcase classname="com.QAHODorInchargeTestRunner.BPRBeforePrintCancelApprovalorRejection" name="beforePrintCancelReturn" time="33.287"/>
</testsuite> <!-- com.QAHODorInchargeTestRunner.BPRBeforePrintCancelApprovalorRejection -->
