<?xml version="1.0" encoding="UTF-8"?>
<!-- Generated by org.testng.reporters.JUnitReportReporter -->
<testsuite hostname="AITHCLT046" failures="0" tests="3" name="com.ProductionExecutiveTestRunner.BMRAfterPrintCancellation" time="106.042" errors="0" timestamp="2025-02-06T16:07:34 IST" skipped="0">
  <testcase classname="com.ProductionExecutiveTestRunner.BMRAfterPrintCancellation" name="afterPrintCancelInitiation" time="36.458"/>
  <testcase classname="com.ProductionExecutiveTestRunner.BMRAfterPrintCancellation" name="afterPrintCancelReInitiation" time="34.893"/>
  <testcase classname="com.ProductionExecutiveTestRunner.BMRAfterPrintCancellation" name="afterPrintCancelReInitiation" time="34.691"/>
</testsuite> <!-- com.ProductionExecutiveTestRunner.BMRAfterPrintCancellation -->
