<?xml version="1.0" encoding="UTF-8"?>
<!-- Generated by org.testng.reporters.JUnitReportReporter -->
<testsuite hostname="AITHCLT046" failures="0" tests="3" name="com.ProductionInchargeTestRunner.BMRObsoleteReview" time="103.256" errors="0" timestamp="2025-02-07T16:32:51 IST" skipped="0">
  <testcase classname="com.ProductionInchargeTestRunner.BMRObsoleteReview" name="obsoleteReview" time="34.365"/>
  <testcase classname="com.ProductionInchargeTestRunner.BMRObsoleteReview" name="obsoleteReview" time="34.154"/>
  <testcase classname="com.ProductionInchargeTestRunner.BMRObsoleteReview" name="obsoleteReturn" time="34.737"/>
</testsuite> <!-- com.ProductionInchargeTestRunner.BMRObsoleteReview -->
