<?xml version="1.0" encoding="UTF-8"?>
<!-- Generated by org.testng.reporters.JUnitReportReporter -->
<testsuite hostname="AITHCLT046" failures="0" tests="2" name="com.QAHODorInchargeTestRunner.BMRProductDetailsApprovalorReturn" time="110.048" errors="0" timestamp="2025-05-14T14:22:23 IST" skipped="0">
  <testcase classname="com.QAHODorInchargeTestRunner.BMRProductDetailsApprovalorReturn" name="hodApproval" time="58.640"/>
  <testcase classname="com.QAHODorInchargeTestRunner.BMRProductDetailsApprovalorReturn" name="hodReturn" time="51.408"/>
</testsuite> <!-- com.QAHODorInchargeTestRunner.BMRProductDetailsApprovalorReturn -->
