<?xml version="1.0" encoding="UTF-8"?>
<!-- Generated by org.testng.reporters.JUnitReportReporter -->
<testsuite hostname="AITHCLT046" failures="0" tests="3" name="com.ProductionInchargeTestRunner.BMRPrintReview" time="123.067" errors="0" timestamp="2025-02-01T17:09:25 IST" skipped="0">
  <testcase classname="com.ProductionInchargeTestRunner.BMRPrintReview" name="printReturn" time="40.455"/>
  <testcase classname="com.ProductionInchargeTestRunner.BMRPrintReview" name="printReReview" time="43.632"/>
  <testcase classname="com.ProductionInchargeTestRunner.BMRPrintReview" name="printReview" time="38.980"/>
</testsuite> <!-- com.ProductionInchargeTestRunner.BMRPrintReview -->
