<?xml version="1.0" encoding="UTF-8"?>
<!-- Generated by org.testng.reporters.JUnitReportReporter -->
<testsuite hostname="AITHCLT046" failures="0" tests="2" name="com.QAOfficerTestRunner.BPRBatchClosureInitiation" time="81.206" errors="0" timestamp="2025-01-30T16:48:35 IST" skipped="0">
  <testcase classname="com.QAOfficerTestRunner.BPRBatchClosureInitiation" name="bprbatchclosureReInitiation" time="29.488"/>
  <testcase classname="com.QAOfficerTestRunner.BPRBatchClosureInitiation" name="bprbatchclosureInitiation" time="51.718"/>
</testsuite> <!-- com.QAOfficerTestRunner.BPRBatchClosureInitiation -->
