<?xml version="1.0" encoding="UTF-8"?>
<!-- Generated by org.testng.reporters.JUnitReportReporter -->
<testsuite hostname="AITHCLT046" failures="0" tests="1" name="com.QAHODorInchargeTestRunner.BPRMasterApproval" time="34.022" errors="0" timestamp="2025-01-31T12:23:17 IST" skipped="0">
  <testcase classname="com.QAHODorInchargeTestRunner.BPRMasterApproval" name="bprmasterApprovalbyQAIncharge" time="34.022"/>
</testsuite> <!-- com.QAHODorInchargeTestRunner.BPRMasterApproval -->
