<?xml version="1.0" encoding="UTF-8"?>
<!-- Generated by org.testng.reporters.JUnitReportReporter -->
<testsuite hostname="AITHCLT046" failures="0" tests="2" name="com.QAHODorInchargeTestRunner.BMRbatchClosureApproval" time="68.178" errors="0" timestamp="2025-02-01T17:33:07 IST" skipped="0">
  <testcase classname="com.QAHODorInchargeTestRunner.BMRbatchClosureApproval" name="batchclosureReturn" time="34.021"/>
  <testcase classname="com.QAHODorInchargeTestRunner.BMRbatchClosureApproval" name="batchclosureApproval" time="34.157"/>
</testsuite> <!-- com.QAHODorInchargeTestRunner.BMRbatchClosureApproval -->
