<?xml version="1.0" encoding="UTF-8"?>
<!-- Generated by org.testng.reporters.JUnitReportReporter -->
<testsuite hostname="AILT-100247" failures="0" tests="1" name="com.InitiatorTestRunner.BMRMasterCancellation" time="65.478" errors="0" timestamp="2025-01-18T14:41:06 IST" skipped="0">
  <testcase classname="com.InitiatorTestRunner.BMRMasterCancellation" name="bmrMasterCancelinitiation" time="65.478"/>
</testsuite> <!-- com.InitiatorTestRunner.BMRMasterCancellation -->
