<?xml version="1.0" encoding="UTF-8"?>
<!-- Generated by org.testng.reporters.JUnitReportReporter -->
<testsuite hostname="AITHCLT046" failures="0" tests="4" name="com.ValidationInchargeTestRunner.BPRPrintReview" time="243.979" errors="0" timestamp="2025-05-12T13:08:23 IST" skipped="0">
  <testcase classname="com.ValidationInchargeTestRunner.BPRPrintReview" name="printReview" time="60.339"/>
  <testcase classname="com.ValidationInchargeTestRunner.BPRPrintReview" name="printReview" time="60.657"/>
  <testcase classname="com.ValidationInchargeTestRunner.BPRPrintReview" name="printReview" time="62.446"/>
  <testcase classname="com.ValidationInchargeTestRunner.BPRPrintReview" name="printReview" time="60.537"/>
</testsuite> <!-- com.ValidationInchargeTestRunner.BPRPrintReview -->
