<?xml version="1.0" encoding="UTF-8"?>
<!-- Generated by org.testng.reporters.JUnitReportReporter -->
<testsuite hostname="AITHCLT046" failures="0" tests="1" name="com.IPQATestRunner.BPRBatchClosureReview" time="24.232" errors="0" timestamp="2025-02-07T15:42:48 IST" skipped="0">
  <testcase classname="com.IPQATestRunner.BPRBatchClosureReview" name="batchCompletionReview" time="24.232"/>
</testsuite> <!-- com.IPQATestRunner.BPRBatchClosureReview -->
