<?xml version="1.0" encoding="UTF-8"?>
<!-- Generated by org.testng.reporters.JUnitReportReporter -->
<testsuite hostname="AITHCLT046" failures="0" tests="1" name="com.RATestRunner.BMRMasterApprovalbyRA" time="33.277" errors="0" timestamp="2025-02-01T16:54:35 IST" skipped="0">
  <testcase classname="com.RATestRunner.BMRMasterApprovalbyRA" name="rAMasterApproval" time="33.277"/>
</testsuite> <!-- com.RATestRunner.BMRMasterApprovalbyRA -->
