<?xml version="1.0" encoding="UTF-8"?>
<!-- Generated by org.testng.reporters.JUnitReportReporter -->
<testsuite hostname="AILT-100247" failures="0" tests="1" name="com.IPQATestRunner.BatchCompletionReview" time="32.803" errors="0" timestamp="2025-01-21T09:30:19 IST" skipped="0">
  <testcase classname="com.IPQATestRunner.BatchCompletionReview" name="batchCompletionReview" time="32.803"/>
</testsuite> <!-- com.IPQATestRunner.BatchCompletionReview -->
