<?xml version="1.0" encoding="UTF-8"?>
<!-- Generated by org.testng.reporters.JUnitReportReporter -->
<testsuite hostname="AILT-100247" failures="0" tests="1" name="com.ValidationInchargeTestRunner.BMRPrintReview" time="35.205" errors="0" timestamp="2025-01-25T13:01:59 IST" skipped="0">
  <testcase classname="com.ValidationInchargeTestRunner.BMRPrintReview" name="printReview" time="35.205"/>
</testsuite> <!-- com.ValidationInchargeTestRunner.BMRPrintReview -->
