<?xml version="1.0" encoding="UTF-8"?>
<!-- Generated by org.testng.reporters.JUnitReportReporter -->
<testsuite hostname="AITHCLT046" failures="0" tests="2" name="com.ProductionExecutiveTestRunner.BPRPrintRequestInitiation" time="88.600" errors="0" timestamp="2025-02-07T15:12:09 IST" skipped="0">
  <testcase classname="com.ProductionExecutiveTestRunner.BPRPrintRequestInitiation" name="bprprintRecievedAcknowledgment" time="39.411"/>
  <testcase classname="com.ProductionExecutiveTestRunner.BPRPrintRequestInitiation" name="bprprintRequestInitiation" time="49.189"/>
</testsuite> <!-- com.ProductionExecutiveTestRunner.BPRPrintRequestInitiation -->
