<?xml version="1.0" encoding="UTF-8"?>
<!-- Generated by org.testng.reporters.JUnitReportReporter -->
<testsuite hostname="AITHCLT046" failures="0" tests="2" name="com.QAOfficerTestRunner.BMRReprintReqInitiation" time="103.417" errors="0" timestamp="2025-02-01T17:14:35 IST" skipped="0">
  <testcase classname="com.QAOfficerTestRunner.BMRReprintReqInitiation" name="rePrintInitiation" time="72.458"/>
  <testcase classname="com.QAOfficerTestRunner.BMRReprintReqInitiation" name="rePrintReInitiation" time="30.959"/>
</testsuite> <!-- com.QAOfficerTestRunner.BMRReprintReqInitiation -->
