<?xml version="1.0" encoding="UTF-8"?>
<!-- Generated by org.testng.reporters.JUnitReportReporter -->
<testsuite hostname="AILT-100247" failures="0" tests="1" name="com.TechTransferTestRunner.BMRMasterApprovalByTechTransfer" time="34.180" errors="0" timestamp="2025-01-20T12:49:35 IST" skipped="0">
  <testcase classname="com.TechTransferTestRunner.BMRMasterApprovalByTechTransfer" name="masterApprovalnbyTechtransferOrRandD" time="34.180"/>
</testsuite> <!-- com.TechTransferTestRunner.BMRMasterApprovalByTechTransfer -->
