<?xml version="1.0" encoding="UTF-8"?>
<!-- Generated by org.testng.reporters.JUnitReportReporter -->
<testsuite hostname="AILT-100247" failures="0" tests="1" name="com.ProductionExecutiveTestRunner.BPRBatchCompletionInitiation" time="37.980" errors="0" timestamp="2024-12-20T11:58:57 IST" skipped="0">
  <testcase classname="com.ProductionExecutiveTestRunner.BPRBatchCompletionInitiation" name="bprbatchinitiation" time="37.980"/>
</testsuite> <!-- com.ProductionExecutiveTestRunner.BPRBatchCompletionInitiation -->
