<?xml version="1.0" encoding="UTF-8"?>
<!-- Generated by org.testng.reporters.JUnitReportReporter -->
<testsuite hostname="AITHCLT046" failures="0" tests="1" name="com.ProductionHODTestRunner.BPRMasterApproval" time="32.180" errors="0" timestamp="2025-02-07T11:11:39 IST" skipped="0">
  <testcase classname="com.ProductionHODTestRunner.BPRMasterApproval" name="bprproductionhodapproval" time="32.180"/>
</testsuite> <!-- com.ProductionHODTestRunner.BPRMasterApproval -->
