<?xml version="1.0" encoding="UTF-8"?>
<!-- Generated by org.testng.reporters.JUnitReportReporter -->
<testsuite hostname="AITHCLT046" failures="0" tests="1" name="com.ProductionHODTestRunner.BPRMasterApproval" time="35.653" errors="0" timestamp="2025-05-12T12:39:45 IST" skipped="0">
  <testcase classname="com.ProductionHODTestRunner.BPRMasterApproval" name="bprproductionhodapproval" time="35.653"/>
</testsuite> <!-- com.ProductionHODTestRunner.BPRMasterApproval -->
