<?xml version="1.0" encoding="UTF-8"?>
<!-- Generated by org.testng.reporters.JUnitReportReporter -->
<testsuite hostname="AITHCLT046" failures="0" tests="2" name="com.QAHODorInchargeTestRunner.MasterApprovalByQAHOD" time="66.095" errors="0" timestamp="2025-02-06T14:44:04 IST" skipped="0">
  <testcase classname="com.QAHODorInchargeTestRunner.MasterApprovalByQAHOD" name="qaHODMasterApproval" time="31.952"/>
  <testcase classname="com.QAHODorInchargeTestRunner.MasterApprovalByQAHOD" name="masterApprovalReturnbyQAHOD" time="34.143"/>
</testsuite> <!-- com.QAHODorInchargeTestRunner.MasterApprovalByQAHOD -->
