<?xml version="1.0" encoding="UTF-8"?>
<!-- Generated by org.testng.reporters.JUnitReportReporter -->
<testsuite hostname="AITHCLT046" failures="0" tests="2" name="com.QAOfficerTestRunner.BMRPrintIssuance" time="85.495" errors="0" timestamp="2025-02-06T16:41:47 IST" skipped="0">
  <testcase classname="com.QAOfficerTestRunner.BMRPrintIssuance" name="bulkissue" time="51.533"/>
  <testcase classname="com.QAOfficerTestRunner.BMRPrintIssuance" name="print" time="33.962"/>
</testsuite> <!-- com.QAOfficerTestRunner.BMRPrintIssuance -->
