<?xml version="1.0" encoding="UTF-8"?>
<!-- Generated by org.testng.reporters.JUnitReportReporter -->
<testsuite hostname="AILT-100247" failures="0" tests="1" name="com.QAHODorInchargeTestRunner.BMRPrintreqApproval" time="49.882" errors="0" timestamp="2024-12-24T10:19:36 IST" skipped="0">
  <testcase classname="com.QAHODorInchargeTestRunner.BMRPrintreqApproval" name="printApproval" time="49.882"/>
</testsuite> <!-- com.QAHODorInchargeTestRunner.BMRPrintreqApproval -->
