<?xml version="1.0" encoding="UTF-8"?>
<!-- Generated by org.testng.reporters.JUnitReportReporter -->
<testsuite hostname="AITHCLT046" failures="0" tests="2" name="com.QAOfficerTestRunner.BMRBatchCorrectionInitiation" time="102.269" errors="0" timestamp="2025-02-01T17:36:33 IST" skipped="0">
  <testcase classname="com.QAOfficerTestRunner.BMRBatchCorrectionInitiation" name="BatchCorrectionReInitiation" time="45.336"/>
  <testcase classname="com.QAOfficerTestRunner.BMRBatchCorrectionInitiation" name="BatchCorrectionInitiation" time="56.933"/>
</testsuite> <!-- com.QAOfficerTestRunner.BMRBatchCorrectionInitiation -->
