<?xml version="1.0" encoding="UTF-8"?>
<!-- Generated by org.testng.reporters.JUnitReportReporter -->
<testsuite hostname="AILT-100247" failures="0" tests="1" name="com.IPQATestRunner.BatchCompletionReview" time="30.995" errors="0" timestamp="2024-12-24T10:22:12 IST" skipped="0">
  <testcase classname="com.IPQATestRunner.BatchCompletionReview" name="batchCompletionReview" time="30.995"/>
</testsuite> <!-- com.IPQATestRunner.BatchCompletionReview -->
