<?xml version="1.0" encoding="UTF-8"?>
<!-- Generated by org.testng.reporters.JUnitReportReporter -->
<testsuite hostname="AITHCLT046" failures="0" tests="4" name="com.RATestRunner.BMRMasterApprovalbyRA" time="208.373" errors="0" timestamp="2025-05-14T16:15:39 IST" skipped="0">
  <testcase classname="com.RATestRunner.BMRMasterApprovalbyRA" name="masterApprovalReturnbyRA" time="64.400"/>
  <testcase classname="com.RATestRunner.BMRMasterApprovalbyRA" name="rAMasterApproval" time="49.250"/>
  <testcase classname="com.RATestRunner.BMRMasterApprovalbyRA" name="rAMasterApproval" time="49.272"/>
  <testcase classname="com.RATestRunner.BMRMasterApprovalbyRA" name="rAMasterApproval" time="45.451"/>
</testsuite> <!-- com.RATestRunner.BMRMasterApprovalbyRA -->
