<?xml version="1.0" encoding="UTF-8"?>
<!-- Generated by org.testng.reporters.JUnitReportReporter -->
<testsuite hostname="AILT-100247" failures="0" tests="1" name="com.QAOfficerTestRunner.BPRBatchClosureInitiation" time="68.064" errors="0" timestamp="2024-12-20T12:09:10 IST" skipped="0">
  <testcase classname="com.QAOfficerTestRunner.BPRBatchClosureInitiation" name="bprbatchclosureInitiation" time="68.064"/>
</testsuite> <!-- com.QAOfficerTestRunner.BPRBatchClosureInitiation -->
