<?xml version="1.0" encoding="UTF-8"?>
<!-- Generated by org.testng.reporters.JUnitReportReporter -->
<testsuite hostname="AILT-100247" failures="0" tests="2" name="com.QAOfficerTestRunner.BMRReprintReqInitiation" time="109.052" errors="0" timestamp="2025-01-25T13:08:16 IST" skipped="0">
  <testcase classname="com.QAOfficerTestRunner.BMRReprintReqInitiation" name="rePrintReInitiation" time="36.356"/>
  <testcase classname="com.QAOfficerTestRunner.BMRReprintReqInitiation" name="rePrintInitiation" time="72.696"/>
</testsuite> <!-- com.QAOfficerTestRunner.BMRReprintReqInitiation -->
