<?xml version="1.0" encoding="UTF-8"?>
<!-- Generated by org.testng.reporters.JUnitReportReporter -->
<testsuite hostname="AITHCLT046" failures="0" tests="1" name="com.InitiatorTestRunner.BPRMasterPreReqInitiation" time="47.545" errors="0" timestamp="2025-05-12T12:08:41 IST" skipped="0">
  <testcase classname="com.InitiatorTestRunner.BPRMasterPreReqInitiation" name="bprmasterreqinitiation" time="47.545"/>
</testsuite> <!-- com.InitiatorTestRunner.BPRMasterPreReqInitiation -->
