<?xml version="1.0" encoding="UTF-8"?>
<!-- Generated by org.testng.reporters.JUnitReportReporter -->
<testsuite hostname="AITHCLT046" failures="0" tests="2" name="com.QAHODorInchargeTestRunner.CFTRevieworReturn" time="249.856" errors="0" timestamp="2025-05-14T15:25:54 IST" skipped="0">
  <testcase classname="com.QAHODorInchargeTestRunner.CFTRevieworReturn" name="hodcftReview" time="123.958"/>
  <testcase classname="com.QAHODorInchargeTestRunner.CFTRevieworReturn" name="cftReturn" time="125.898"/>
</testsuite> <!-- com.QAHODorInchargeTestRunner.CFTRevieworReturn -->
