<?xml version="1.0" encoding="UTF-8"?>
<!-- Generated by org.testng.reporters.JUnitReportReporter -->
<testsuite hostname="AITHCLT046" failures="0" tests="1" name="com.ProductionExecutiveTestRunner.BPRBatchCompletionInitiation" time="48.620" errors="0" timestamp="2025-05-13T17:36:31 IST" skipped="0">
  <testcase classname="com.ProductionExecutiveTestRunner.BPRBatchCompletionInitiation" name="bprbatchinitiation" time="48.620"/>
</testsuite> <!-- com.ProductionExecutiveTestRunner.BPRBatchCompletionInitiation -->
