<?xml version="1.0" encoding="UTF-8"?>
<!-- Generated by org.testng.reporters.JUnitReportReporter -->
<testsuite hostname="AILT-100247" failures="0" tests="1" name="com.ProductionExecutiveTestRunner.BPRAdditionalPagePrintReqInitiation" time="50.761" errors="0" timestamp="2024-12-12T16:41:25 IST" skipped="0">
  <testcase classname="com.ProductionExecutiveTestRunner.BPRAdditionalPagePrintReqInitiation" name="bpradditionalPageReInitiation" time="50.761"/>
</testsuite> <!-- com.ProductionExecutiveTestRunner.BPRAdditionalPagePrintReqInitiation -->
