<?xml version="1.0" encoding="UTF-8"?>
<!-- Generated by org.testng.reporters.JUnitReportReporter -->
<testsuite hostname="AITHCLT046" failures="0" tests="2" name="com.QAHODorInchargeTestRunner.BMRbatchClosureApproval" time="68.555" errors="0" timestamp="2025-02-07T09:35:02 IST" skipped="0">
  <testcase classname="com.QAHODorInchargeTestRunner.BMRbatchClosureApproval" name="batchclosureReturn" time="34.391"/>
  <testcase classname="com.QAHODorInchargeTestRunner.BMRbatchClosureApproval" name="batchclosureApproval" time="34.164"/>
</testsuite> <!-- com.QAHODorInchargeTestRunner.BMRbatchClosureApproval -->
