<?xml version="1.0" encoding="UTF-8"?>
<!-- Generated by org.testng.reporters.JUnitReportReporter -->
<testsuite hostname="AILT-100247" failures="0" tests="2" name="com.QAOfficerTestRunner.BMRBatchCorrectionInitiation" time="139.758" errors="0" timestamp="2025-01-18T11:54:29 IST" skipped="0">
  <testcase classname="com.QAOfficerTestRunner.BMRBatchCorrectionInitiation" name="BatchCorrectionReInitiation" time="64.773"/>
  <testcase classname="com.QAOfficerTestRunner.BMRBatchCorrectionInitiation" name="BatchCorrectionInitiation" time="74.985"/>
</testsuite> <!-- com.QAOfficerTestRunner.BMRBatchCorrectionInitiation -->
