<?xml version="1.0" encoding="UTF-8"?>
<!-- Generated by org.testng.reporters.JUnitReportReporter -->
<testsuite hostname="AITHCLT046" failures="0" tests="3" name="com.ProductionExecutiveTestRunner.BPRAdditionalPagePrintReqInitiation" time="105.277" errors="0" timestamp="2025-01-31T10:16:01 IST" skipped="0">
  <testcase classname="com.ProductionExecutiveTestRunner.BPRAdditionalPagePrintReqInitiation" name="bpradditionalPageReInitiation" time="29.570"/>
  <testcase classname="com.ProductionExecutiveTestRunner.BPRAdditionalPagePrintReqInitiation" name="bpradditionalPageReInitiation" time="28.857"/>
  <testcase classname="com.ProductionExecutiveTestRunner.BPRAdditionalPagePrintReqInitiation" name="bpradditionalPageInitiation" time="46.850"/>
</testsuite> <!-- com.ProductionExecutiveTestRunner.BPRAdditionalPagePrintReqInitiation -->
