<?xml version="1.0" encoding="UTF-8"?>
<!-- Generated by org.testng.reporters.JUnitReportReporter -->
<testsuite hostname="AITHCLT046" failures="0" tests="1" name="com.QADocCellTestRunner.BMRMasterEffectivebyDocCell" time="31.841" errors="0" timestamp="2025-02-06T14:44:04 IST" skipped="0">
  <testcase classname="com.QADocCellTestRunner.BMRMasterEffectivebyDocCell" name="masterApprovalEffectivebyQADocCell" time="31.841"/>
</testsuite> <!-- com.QADocCellTestRunner.BMRMasterEffectivebyDocCell -->
