<?xml version="1.0" encoding="UTF-8"?>
<!-- Generated by org.testng.reporters.JUnitReportReporter -->
<testsuite hostname="AILT-100247" failures="0" tests="1" name="com.QADocCellTestRunner.BMRMasterEffectivebyDocCell" time="34.303" errors="0" timestamp="2024-12-24T10:37:30 IST" skipped="0">
  <testcase classname="com.QADocCellTestRunner.BMRMasterEffectivebyDocCell" name="masterApprovalEffectivebyQADocCell" time="34.303"/>
</testsuite> <!-- com.QADocCellTestRunner.BMRMasterEffectivebyDocCell -->
