<?xml version="1.0" encoding="UTF-8"?>
<!-- Generated by org.testng.reporters.JUnitReportReporter -->
<testsuite hostname="AITHCLT046" failures="0" tests="1" name="com.QAOfficerTestRunner.BMRPrintIssuance" time="123.533" errors="0" timestamp="2025-05-15T10:31:18 IST" skipped="0">
  <testcase classname="com.QAOfficerTestRunner.BMRPrintIssuance" name="print" time="123.533"/>
</testsuite> <!-- com.QAOfficerTestRunner.BMRPrintIssuance -->
