<?xml version="1.0" encoding="UTF-8"?>
<!-- Generated by org.testng.reporters.JUnitReportReporter -->
<testsuite hostname="AILT-100247" failures="0" tests="3" name="com.IPQATestRunner.BatchCompletionReview" time="90.614" errors="0" timestamp="2024-12-21T14:43:02 IST" skipped="0">
  <testcase classname="com.IPQATestRunner.BatchCompletionReview" name="batchCompletionReReview" time="30.570"/>
  <testcase classname="com.IPQATestRunner.BatchCompletionReview" name="batchCompletionReturn" time="34.539"/>
  <testcase classname="com.IPQATestRunner.BatchCompletionReview" name="batchCompletionReview" time="25.505"/>
</testsuite> <!-- com.IPQATestRunner.BatchCompletionReview -->
