<?xml version="1.0" encoding="UTF-8"?>
<!-- Generated by org.testng.reporters.JUnitReportReporter -->
<testsuite hostname="AITHCLT046" failures="0" tests="1" name="com.TechTransferTestRunner.BMRMasterApprovalByTechTransfer" time="33.545" errors="0" timestamp="2025-02-01T16:54:35 IST" skipped="0">
  <testcase classname="com.TechTransferTestRunner.BMRMasterApprovalByTechTransfer" name="masterApprovalnbyTechtransferOrRandD" time="33.545"/>
</testsuite> <!-- com.TechTransferTestRunner.BMRMasterApprovalByTechTransfer -->
