<?xml version="1.0" encoding="UTF-8"?>
<!-- Generated by org.testng.reporters.JUnitReportReporter -->
<testsuite hostname="AITHCLT046" failures="0" tests="3" name="com.ValidationInchargeTestRunner.BMRPrintReview" time="122.076" errors="0" timestamp="2025-02-01T17:09:25 IST" skipped="0">
  <testcase classname="com.ValidationInchargeTestRunner.BMRPrintReview" name="printReview" time="39.407"/>
  <testcase classname="com.ValidationInchargeTestRunner.BMRPrintReview" name="printReturntoIncharge" time="39.127"/>
  <testcase classname="com.ValidationInchargeTestRunner.BMRPrintReview" name="printReReview" time="43.542"/>
</testsuite> <!-- com.ValidationInchargeTestRunner.BMRPrintReview -->
