<?xml version="1.0" encoding="UTF-8"?>
<!-- Generated by org.testng.reporters.JUnitReportReporter -->
<testsuite hostname="AILT-100247" failures="0" tests="1" name="com.QAHODorInchargeTestRunner.BMRMasterCancelApprovalOrRejection" time="44.414" errors="0" timestamp="2025-01-18T14:41:06 IST" skipped="0">
  <testcase classname="com.QAHODorInchargeTestRunner.BMRMasterCancelApprovalOrRejection" name="masterCancelRejection" time="44.414"/>
</testsuite> <!-- com.QAHODorInchargeTestRunner.BMRMasterCancelApprovalOrRejection -->
