<?xml version="1.0" encoding="UTF-8"?>
<!-- Generated by org.testng.reporters.JUnitReportReporter -->
<testsuite hostname="AITHCLT046" failures="0" tests="2" name="com.QAHODorInchargeTestRunner.BPRAfterPrintCancelApproval" time="67.647" errors="0" timestamp="2025-02-07T12:31:31 IST" skipped="0">
  <testcase classname="com.QAHODorInchargeTestRunner.BPRAfterPrintCancelApproval" name="afterPrintcancelReturn" time="33.376"/>
  <testcase classname="com.QAHODorInchargeTestRunner.BPRAfterPrintCancelApproval" name="afterPrintcancelReject" time="34.271"/>
</testsuite> <!-- com.QAHODorInchargeTestRunner.BPRAfterPrintCancelApproval -->
