<?xml version="1.0" encoding="UTF-8"?>
<!-- Generated by org.testng.reporters.JUnitReportReporter -->
<testsuite hostname="AITHCLT046" failures="0" tests="3" name="com.ProductionExecutiveTestRunner.BPRAfterPrintCancellation" time="102.781" errors="0" timestamp="2025-02-07T12:31:31 IST" skipped="0">
  <testcase classname="com.ProductionExecutiveTestRunner.BPRAfterPrintCancellation" name="afterPrintCancelInitiation" time="34.639"/>
  <testcase classname="com.ProductionExecutiveTestRunner.BPRAfterPrintCancellation" name="afterPrintCancelReInitiation" time="34.739"/>
  <testcase classname="com.ProductionExecutiveTestRunner.BPRAfterPrintCancellation" name="afterPrintCancelReInitiation" time="33.403"/>
</testsuite> <!-- com.ProductionExecutiveTestRunner.BPRAfterPrintCancellation -->
