<?xml version="1.0" encoding="UTF-8"?>
<!-- Generated by org.testng.reporters.JUnitReportReporter -->
<testsuite hostname="AITHCLT046" failures="0" tests="3" name="com.ProductionInchargeTestRunner.BPRAfterCancellationReview" time="100.601" errors="0" timestamp="2025-01-31T09:32:40 IST" skipped="0">
  <testcase classname="com.ProductionInchargeTestRunner.BPRAfterCancellationReview" name="afterPrintCancelReturn" time="33.837"/>
  <testcase classname="com.ProductionInchargeTestRunner.BPRAfterCancellationReview" name="afterPrintCancelReview" time="33.564"/>
  <testcase classname="com.ProductionInchargeTestRunner.BPRAfterCancellationReview" name="afterPrintCancelReview" time="33.200"/>
</testsuite> <!-- com.ProductionInchargeTestRunner.BPRAfterCancellationReview -->
