<?xml version="1.0" encoding="UTF-8"?>
<!-- Generated by org.testng.reporters.JUnitReportReporter -->
<testsuite hostname="AITHCLT046" failures="0" tests="2" name="com.QAHODorInchargeTestRunner.BMRProductDetailsApprovalorReturn" time="59.472" errors="0" timestamp="2025-02-07T10:51:48 IST" skipped="0">
  <testcase classname="com.QAHODorInchargeTestRunner.BMRProductDetailsApprovalorReturn" name="bprhodApproval" time="29.359"/>
  <testcase classname="com.QAHODorInchargeTestRunner.BMRProductDetailsApprovalorReturn" name="bprhodReturn" time="30.113"/>
</testsuite> <!-- com.QAHODorInchargeTestRunner.BMRProductDetailsApprovalorReturn -->
