<?xml version="1.0" encoding="UTF-8"?>
<!-- Generated by org.testng.reporters.JUnitReportReporter -->
<testsuite hostname="AITHCLT046" failures="0" tests="2" name="com.ProductionInchargeTestRunner.BMRBeforePrintCancelInitiation" time="92.950" errors="0" timestamp="2025-02-01T17:00:25 IST" skipped="0">
  <testcase classname="com.ProductionInchargeTestRunner.BMRBeforePrintCancelInitiation" name="beforeprintcancelReinitiation" time="42.157"/>
  <testcase classname="com.ProductionInchargeTestRunner.BMRBeforePrintCancelInitiation" name="beforeprintcancelinitiation" time="50.793"/>
</testsuite> <!-- com.ProductionInchargeTestRunner.BMRBeforePrintCancelInitiation -->
