<?xml version="1.0" encoding="UTF-8"?>
<!-- Generated by org.testng.reporters.JUnitReportReporter -->
<testsuite hostname="AILT-100247" failures="0" tests="1" name="com.ProductionHODTestRunner.MasterApprovalByProductionHOD" time="36.401" errors="0" timestamp="2025-01-25T12:44:07 IST" skipped="0">
  <testcase classname="com.ProductionHODTestRunner.MasterApprovalByProductionHOD" name="productionhodapproval" time="36.401"/>
</testsuite> <!-- com.ProductionHODTestRunner.MasterApprovalByProductionHOD -->
