<?xml version="1.0" encoding="UTF-8"?>
<!-- Generated by org.testng.reporters.JUnitReportReporter -->
<testsuite hostname="AITHCLT046" failures="0" tests="1" name="com.InitiatorTestRunner.BMRMasterApproval" time="31.019" errors="0" timestamp="2025-02-01T16:54:35 IST" skipped="0">
  <testcase classname="com.InitiatorTestRunner.BMRMasterApproval" name="masterApprovalInitiation" time="31.019"/>
</testsuite> <!-- com.InitiatorTestRunner.BMRMasterApproval -->
