<?xml version="1.0" encoding="UTF-8"?>
<!-- Generated by org.testng.reporters.JUnitReportReporter -->
<testsuite hostname="AITHCLT046" failures="0" tests="7" name="com.ProductionInchargeTestRunner.ProductionInchargeMasterApprovalReview" time="231.966" errors="0" timestamp="2025-02-06T14:44:04 IST" skipped="0">
  <testcase classname="com.ProductionInchargeTestRunner.ProductionInchargeMasterApprovalReview" name="masterApproval" time="33.522"/>
  <testcase classname="com.ProductionInchargeTestRunner.ProductionInchargeMasterApprovalReview" name="masterApproval" time="33.363"/>
  <testcase classname="com.ProductionInchargeTestRunner.ProductionInchargeMasterApprovalReview" name="masterApproval" time="31.887"/>
  <testcase classname="com.ProductionInchargeTestRunner.ProductionInchargeMasterApprovalReview" name="masterApprovalReturn" time="33.689"/>
  <testcase classname="com.ProductionInchargeTestRunner.ProductionInchargeMasterApprovalReview" name="masterApproval" time="32.436"/>
  <testcase classname="com.ProductionInchargeTestRunner.ProductionInchargeMasterApprovalReview" name="masterApproval" time="33.510"/>
  <testcase classname="com.ProductionInchargeTestRunner.ProductionInchargeMasterApprovalReview" name="masterApproval" time="33.559"/>
</testsuite> <!-- com.ProductionInchargeTestRunner.ProductionInchargeMasterApprovalReview -->
