<?xml version="1.0" encoding="UTF-8"?>
<!-- Generated by org.testng.reporters.JUnitReportReporter -->
<testsuite hostname="AITHCLT046" failures="0" tests="2" name="com.QAHODorInchargeTestRunner.BMRAfterPrintCancelApprovalRejection" time="68.093" errors="0" timestamp="2025-02-01T17:20:32 IST" skipped="0">
  <testcase classname="com.QAHODorInchargeTestRunner.BMRAfterPrintCancelApprovalRejection" name="afterPrintcancelReject" time="34.055"/>
  <testcase classname="com.QAHODorInchargeTestRunner.BMRAfterPrintCancelApprovalRejection" name="afterPrintcancelReturn" time="34.038"/>
</testsuite> <!-- com.QAHODorInchargeTestRunner.BMRAfterPrintCancelApprovalRejection -->
