<?xml version="1.0" encoding="UTF-8"?>
<!-- Generated by org.testng.reporters.JUnitReportReporter -->
<testsuite hostname="AITHCLT046" failures="0" tests="2" name="com.QAHODorInchargeTestRunner.BMRBatchCorrectionApproval" time="69.385" errors="0" timestamp="2025-02-07T09:38:49 IST" skipped="0">
  <testcase classname="com.QAHODorInchargeTestRunner.BMRBatchCorrectionApproval" name="BatchCorrectionApproval" time="34.876"/>
  <testcase classname="com.QAHODorInchargeTestRunner.BMRBatchCorrectionApproval" name="BatchCorrectionReturn" time="34.509"/>
</testsuite> <!-- com.QAHODorInchargeTestRunner.BMRBatchCorrectionApproval -->
