<?xml version="1.0" encoding="UTF-8"?>
<!-- Generated by org.testng.reporters.JUnitReportReporter -->
<testsuite hostname="AITHCLT046" failures="0" tests="1" name="com.QAHODorInchargeTestRunner.BMRMasterCancelApprovalOrRejection" time="24.339" errors="0" timestamp="2025-02-06T14:21:43 IST" skipped="0">
  <testcase classname="com.QAHODorInchargeTestRunner.BMRMasterCancelApprovalOrRejection" name="masterCancelRejection" time="24.339"/>
</testsuite> <!-- com.QAHODorInchargeTestRunner.BMRMasterCancelApprovalOrRejection -->
