<?xml version="1.0" encoding="UTF-8"?>
<!-- Generated by org.testng.reporters.JUnitReportReporter -->
<testsuite hostname="AILT-100247" failures="0" tests="1" name="com.QADocCellTestRunner.BMRMasterPreparationRequestApprovalorRejection" time="42.131" errors="0" timestamp="2024-12-24T10:30:08 IST" skipped="0">
  <testcase classname="com.QADocCellTestRunner.BMRMasterPreparationRequestApprovalorRejection" name="bmrmasterreqapproval" time="42.131"/>
</testsuite> <!-- com.QADocCellTestRunner.BMRMasterPreparationRequestApprovalorRejection -->
