<?xml version="1.0" encoding="UTF-8"?>
<!-- Generated by org.testng.reporters.JUnitReportReporter -->
<testsuite hostname="AILT-100247" failures="0" tests="1" name="com.InitiatorTestRunner.BMRMasterPreparationRequest" time="71.048" errors="0" timestamp="2024-12-24T10:30:07 IST" skipped="0">
  <testcase classname="com.InitiatorTestRunner.BMRMasterPreparationRequest" name="bmrMasterpreparation" time="71.048"/>
</testsuite> <!-- com.InitiatorTestRunner.BMRMasterPreparationRequest -->
