<?xml version="1.0" encoding="UTF-8"?>
<!-- Generated by org.testng.reporters.JUnitReportReporter -->
<testsuite hostname="AITHCLT046" failures="0" tests="1" name="com.ValidationInchargeTestRunner.BMRPrintReview" time="39.864" errors="0" timestamp="2025-02-06T16:41:48 IST" skipped="0">
  <testcase classname="com.ValidationInchargeTestRunner.BMRPrintReview" name="printReview" time="39.864"/>
</testsuite> <!-- com.ValidationInchargeTestRunner.BMRPrintReview -->
