<?xml version="1.0" encoding="UTF-8"?>
<!-- Generated by org.testng.reporters.JUnitReportReporter -->
<testsuite hostname="AILT-100247" failures="0" tests="4" name="com.RATestRunner.BMRMasterApprovalbyRA" time="118.204" errors="0" timestamp="2024-12-21T12:16:38 IST" skipped="0">
  <testcase classname="com.RATestRunner.BMRMasterApprovalbyRA" name="rAMasterApproval" time="29.410"/>
  <testcase classname="com.RATestRunner.BMRMasterApprovalbyRA" name="rAMasterApproval" time="29.144"/>
  <testcase classname="com.RATestRunner.BMRMasterApprovalbyRA" name="masterApprovalReturnbyRA" time="29.389"/>
  <testcase classname="com.RATestRunner.BMRMasterApprovalbyRA" name="rAMasterApproval" time="30.261"/>
</testsuite> <!-- com.RATestRunner.BMRMasterApprovalbyRA -->
