<?xml version="1.0" encoding="UTF-8"?>
<!-- Generated by org.testng.reporters.JUnitReportReporter -->
<testsuite hostname="AILT-100247" failures="0" tests="2" name="com.QAHODorInchargeTestRunner.BMRRePrintApproval" time="59.115" errors="0" timestamp="2025-01-25T13:08:16 IST" skipped="0">
  <testcase classname="com.QAHODorInchargeTestRunner.BMRRePrintApproval" name="rePrintReturn" time="28.395"/>
  <testcase classname="com.QAHODorInchargeTestRunner.BMRRePrintApproval" name="rePrintApproval" time="30.720"/>
</testsuite> <!-- com.QAHODorInchargeTestRunner.BMRRePrintApproval -->
