<?xml version="1.0" encoding="UTF-8"?>
<!-- Generated by org.testng.reporters.JUnitReportReporter -->
<testsuite hostname="AILT-100247" failures="0" tests="1" name="com.QAHODorInchargeTestRunner.BPRBatchClosureApproval" time="50.364" errors="0" timestamp="2024-12-20T12:09:10 IST" skipped="0">
  <testcase classname="com.QAHODorInchargeTestRunner.BPRBatchClosureApproval" name="bprbatchclosureApproval" time="50.364"/>
</testsuite> <!-- com.QAHODorInchargeTestRunner.BPRBatchClosureApproval -->
