<?xml version="1.0" encoding="UTF-8"?>
<!-- Generated by org.testng.reporters.JUnitReportReporter -->
<testsuite hostname="AILT-100247" failures="0" tests="2" name="com.QAHODorInchargeTestRunner.CFTRevieworReturn" time="143.090" errors="0" timestamp="2024-12-23T16:08:09 IST" skipped="0">
  <testcase classname="com.QAHODorInchargeTestRunner.CFTRevieworReturn" name="hodcftReview" time="70.563"/>
  <testcase classname="com.QAHODorInchargeTestRunner.CFTRevieworReturn" name="cftReturn" time="72.527"/>
</testsuite> <!-- com.QAHODorInchargeTestRunner.CFTRevieworReturn -->
