<?xml version="1.0" encoding="UTF-8"?>
<!-- Generated by org.testng.reporters.JUnitReportReporter -->
<testsuite hostname="AITHCLT046" failures="0" tests="3" name="com.ProductionExecutiveTestRunner.BMRAdditionalPagePrintReqInitiation" time="112.583" errors="0" timestamp="2025-02-01T17:25:37 IST" skipped="0">
  <testcase classname="com.ProductionExecutiveTestRunner.BMRAdditionalPagePrintReqInitiation" name="additionalPageReInitiation" time="30.582"/>
  <testcase classname="com.ProductionExecutiveTestRunner.BMRAdditionalPagePrintReqInitiation" name="additionalPageInitiation" time="50.896"/>
  <testcase classname="com.ProductionExecutiveTestRunner.BMRAdditionalPagePrintReqInitiation" name="additionalPageReInitiation" time="31.105"/>
</testsuite> <!-- com.ProductionExecutiveTestRunner.BMRAdditionalPagePrintReqInitiation -->
