<?xml version="1.0" encoding="UTF-8"?>
<!-- Generated by org.testng.reporters.JUnitReportReporter -->
<testsuite hostname="AITHCLT046" failures="0" tests="2" name="com.QAHODorInchargeTestRunner.BMRPrintreqApproval" time="78.475" errors="0" timestamp="2025-02-01T17:09:25 IST" skipped="0">
  <testcase classname="com.QAHODorInchargeTestRunner.BMRPrintreqApproval" name="printApproval" time="34.032"/>
  <testcase classname="com.QAHODorInchargeTestRunner.BMRPrintreqApproval" name="printReturntoValidationIncharge" time="44.443"/>
</testsuite> <!-- com.QAHODorInchargeTestRunner.BMRPrintreqApproval -->
