<?xml version="1.0" encoding="UTF-8"?>
<!-- Generated by org.testng.reporters.JUnitReportReporter -->
<testsuite hostname="AITHCLT046" failures="0" tests="4" name="com.QADocCellTestRunner.BPRObsoleteInitiation" time="155.787" errors="0" timestamp="2025-02-07T16:17:07 IST" skipped="0">
  <testcase classname="com.QADocCellTestRunner.BPRObsoleteInitiation" name="obsoleteInitiation" time="41.009"/>
  <testcase classname="com.QADocCellTestRunner.BPRObsoleteInitiation" name="obsoleteReInitiation" time="36.715"/>
  <testcase classname="com.QADocCellTestRunner.BPRObsoleteInitiation" name="finalobsolete" time="41.429"/>
  <testcase classname="com.QADocCellTestRunner.BPRObsoleteInitiation" name="obsoleteReInitiation" time="36.634"/>
</testsuite> <!-- com.QADocCellTestRunner.BPRObsoleteInitiation -->
