<?xml version="1.0" encoding="UTF-8"?>
<!-- Generated by org.testng.reporters.JUnitReportReporter -->
<testsuite hostname="AILT-100247" failures="0" tests="3" name="com.MastersTestRunner.MarketTestRunner" time="158.600" errors="0" timestamp="2024-12-16T14:28:20 IST" skipped="0">
  <testcase classname="com.MastersTestRunner.MarketTestRunner" name="marketupdate" time="57.070"/>
  <testcase classname="com.MastersTestRunner.MarketTestRunner" name="marketdisableenable" time="50.349"/>
  <testcase classname="com.MastersTestRunner.MarketTestRunner" name="marketdisableenable" time="51.181"/>
</testsuite> <!-- com.MastersTestRunner.MarketTestRunner -->
