<?xml version="1.0" encoding="UTF-8"?>
<!-- Generated by org.testng.reporters.JUnitReportReporter -->
<testsuite hostname="AITHCLT046" failures="0" tests="2" name="com.QAOfficerTestRunner.BPRReprintIssueandPrint" time="70.047" errors="0" timestamp="2025-01-30T17:34:10 IST" skipped="0">
  <testcase classname="com.QAOfficerTestRunner.BPRReprintIssueandPrint" name="RePrintPrint" time="35.226"/>
  <testcase classname="com.QAOfficerTestRunner.BPRReprintIssueandPrint" name="ReprintIssue" time="34.821"/>
</testsuite> <!-- com.QAOfficerTestRunner.BPRReprintIssueandPrint -->
