<?xml version="1.0" encoding="UTF-8"?>
<!-- Generated by org.testng.reporters.JUnitReportReporter -->
<testsuite hostname="AITHCLT046" failures="0" tests="2" name="com.QAOfficerTestRunner.BMRBatchCompletionApprovalbyQAOfficer" time="53.010" errors="0" timestamp="2025-02-01T17:30:08 IST" skipped="0">
  <testcase classname="com.QAOfficerTestRunner.BMRBatchCompletionApprovalbyQAOfficer" name="batchcoompletionReturntoipqa" time="23.923"/>
  <testcase classname="com.QAOfficerTestRunner.BMRBatchCompletionApprovalbyQAOfficer" name="batchcoompletionApproval" time="29.087"/>
</testsuite> <!-- com.QAOfficerTestRunner.BMRBatchCompletionApprovalbyQAOfficer -->
