<?xml version="1.0" encoding="UTF-8"?>
<!-- Generated by org.testng.reporters.JUnitReportReporter -->
<testsuite hostname="AITHCLT046" failures="0" tests="3" name="com.IPQATestRunner.BatchCompletionReview" time="77.019" errors="0" timestamp="2025-02-07T09:32:01 IST" skipped="0">
  <testcase classname="com.IPQATestRunner.BatchCompletionReview" name="batchCompletionReReview" time="26.159"/>
  <testcase classname="com.IPQATestRunner.BatchCompletionReview" name="batchCompletionReturn" time="27.105"/>
  <testcase classname="com.IPQATestRunner.BatchCompletionReview" name="batchCompletionReview" time="23.755"/>
</testsuite> <!-- com.IPQATestRunner.BatchCompletionReview -->
