<?xml version="1.0" encoding="UTF-8"?>
<!-- Generated by org.testng.reporters.JUnitReportReporter -->
<testsuite hostname="AILT-100247" failures="0" tests="1" name="com.InitiatorTestRunner.BMRMasterPreparationRequest" time="42.496" errors="0" timestamp="2024-10-08T14:48:13 IST" skipped="0">
  <testcase classname="com.InitiatorTestRunner.BMRMasterPreparationRequest" name="BMRMasterpreparation" time="42.496"/>
</testsuite> <!-- com.InitiatorTestRunner.BMRMasterPreparationRequest -->
