<?xml version="1.0" encoding="UTF-8"?>
<!-- Generated by org.testng.reporters.JUnitReportReporter -->
<testsuite hostname="AITHCLT046" failures="0" tests="2" name="com.QAOfficerTestRunner.BPRPrintIssuanceandPrint" time="76.618" errors="0" timestamp="2025-01-31T10:31:57 IST" skipped="0">
  <testcase classname="com.QAOfficerTestRunner.BPRPrintIssuanceandPrint" name="issue" time="39.287"/>
  <testcase classname="com.QAOfficerTestRunner.BPRPrintIssuanceandPrint" name="print" time="37.331"/>
</testsuite> <!-- com.QAOfficerTestRunner.BPRPrintIssuanceandPrint -->
