<?xml version="1.0" encoding="UTF-8"?>
<!-- Generated by org.testng.reporters.JUnitReportReporter -->
<testsuite hostname="AITHCLT046" failures="0" tests="3" name="com.ProductionExecutiveTestRunner.BMRAfterPrintCancellation" time="106.476" errors="0" timestamp="2025-02-01T17:20:32 IST" skipped="0">
  <testcase classname="com.ProductionExecutiveTestRunner.BMRAfterPrintCancellation" name="afterPrintCancelReInitiation" time="34.736"/>
  <testcase classname="com.ProductionExecutiveTestRunner.BMRAfterPrintCancellation" name="afterPrintCancelReInitiation" time="34.587"/>
  <testcase classname="com.ProductionExecutiveTestRunner.BMRAfterPrintCancellation" name="afterPrintCancelInitiation" time="37.153"/>
</testsuite> <!-- com.ProductionExecutiveTestRunner.BMRAfterPrintCancellation -->
