<?xml version="1.0" encoding="UTF-8"?>
<!-- Generated by org.testng.reporters.JUnitReportReporter -->
<testsuite hostname="AITHCLT046" failures="0" tests="2" name="com.IPQATestRunner.BPRAdditioanlPageApproval" time="48.921" errors="0" timestamp="2025-02-07T12:36:36 IST" skipped="0">
  <testcase classname="com.IPQATestRunner.BPRAdditioanlPageApproval" name="bpradditionalPageReturnbyIPQA" time="24.489"/>
  <testcase classname="com.IPQATestRunner.BPRAdditioanlPageApproval" name="bpradditionalPageRejection" time="24.432"/>
</testsuite> <!-- com.IPQATestRunner.BPRAdditioanlPageApproval -->
