<?xml version="1.0" encoding="UTF-8"?>
<!-- Generated by org.testng.reporters.JUnitReportReporter -->
<testsuite hostname="AITHCLT046" failures="0" tests="2" name="com.QAHODorInchargeTestRunner.BMRBeforePrintCancelApprovalorRejection" time="68.372" errors="0" timestamp="2025-02-01T17:00:25 IST" skipped="0">
  <testcase classname="com.QAHODorInchargeTestRunner.BMRBeforePrintCancelApprovalorRejection" name="beforePrintCancelReturn" time="34.356"/>
  <testcase classname="com.QAHODorInchargeTestRunner.BMRBeforePrintCancelApprovalorRejection" name="beforePrintCancelRejection" time="34.016"/>
</testsuite> <!-- com.QAHODorInchargeTestRunner.BMRBeforePrintCancelApprovalorRejection -->
