<?xml version="1.0" encoding="UTF-8"?>
<!-- Generated by org.testng.reporters.JUnitReportReporter -->
<testsuite hostname="AILT-100247" failures="0" tests="1" name="com.QAHODorInchargeTestRunner.BMRProductDetailsApprovalorReturn" time="55.418" errors="0" timestamp="2024-11-25T10:56:55 IST" skipped="0">
  <testcase classname="com.QAHODorInchargeTestRunner.BMRProductDetailsApprovalorReturn" name="hodApproval" time="55.418"/>
</testsuite> <!-- com.QAHODorInchargeTestRunner.BMRProductDetailsApprovalorReturn -->
