<?xml version="1.0" encoding="UTF-8"?>
<!-- Generated by org.testng.reporters.JUnitReportReporter -->
<testsuite hostname="AILT-100247" failures="0" tests="6" name="com.ProductionHODTestRunner.MasterApprovalByProductionHOD" time="177.621" errors="0" timestamp="2024-12-21T12:16:38 IST" skipped="0">
  <testcase classname="com.ProductionHODTestRunner.MasterApprovalByProductionHOD" name="productionhodapproval" time="28.955"/>
  <testcase classname="com.ProductionHODTestRunner.MasterApprovalByProductionHOD" name="productionhodapproval" time="30.453"/>
  <testcase classname="com.ProductionHODTestRunner.MasterApprovalByProductionHOD" name="productionhodapproval" time="29.792"/>
  <testcase classname="com.ProductionHODTestRunner.MasterApprovalByProductionHOD" name="productionhodapproval" time="29.150"/>
  <testcase classname="com.ProductionHODTestRunner.MasterApprovalByProductionHOD" name="productionhodreturn" time="29.518"/>
  <testcase classname="com.ProductionHODTestRunner.MasterApprovalByProductionHOD" name="productionhodapproval" time="29.753"/>
</testsuite> <!-- com.ProductionHODTestRunner.MasterApprovalByProductionHOD -->
