<?xml version="1.0" encoding="UTF-8"?>
<!-- Generated by org.testng.reporters.JUnitReportReporter -->
<testsuite hostname="AITHCLT046" failures="0" tests="2" name="com.QAOfficerTestRunner.BMRBatchClosureInitiationbyQAOfficer" time="109.457" errors="0" timestamp="2025-05-15T10:54:53 IST" skipped="0">
  <testcase classname="com.QAOfficerTestRunner.BMRBatchClosureInitiationbyQAOfficer" name="batchclosureReInitiation" time="45.110"/>
  <testcase classname="com.QAOfficerTestRunner.BMRBatchClosureInitiationbyQAOfficer" name="batchclosureInitiation" time="64.347"/>
</testsuite> <!-- com.QAOfficerTestRunner.BMRBatchClosureInitiationbyQAOfficer -->
