<?xml version="1.0" encoding="UTF-8"?>
<!-- Generated by org.testng.reporters.JUnitReportReporter -->
<testsuite hostname="AITHCLT046" failures="0" tests="2" name="com.QAHODorInchargeTestRunner.BMRAfterPrintCancelApprovalRejection" time="68.761" errors="0" timestamp="2025-02-06T16:07:34 IST" skipped="0">
  <testcase classname="com.QAHODorInchargeTestRunner.BMRAfterPrintCancelApprovalRejection" name="afterPrintcancelReject" time="34.524"/>
  <testcase classname="com.QAHODorInchargeTestRunner.BMRAfterPrintCancelApprovalRejection" name="afterPrintcancelReturn" time="34.237"/>
</testsuite> <!-- com.QAHODorInchargeTestRunner.BMRAfterPrintCancelApprovalRejection -->
