<?xml version="1.0" encoding="UTF-8"?>
<!-- Generated by org.testng.reporters.JUnitReportReporter -->
<testsuite hostname="AILT-100247" failures="0" tests="1" name="com.QADocCellTestRunner.BMRMasterEffectivebyDocCell" time="29.913" errors="0" timestamp="2024-12-21T12:16:38 IST" skipped="0">
  <testcase classname="com.QADocCellTestRunner.BMRMasterEffectivebyDocCell" name="masterApprovalEffectivebyQADocCell" time="29.913"/>
</testsuite> <!-- com.QADocCellTestRunner.BMRMasterEffectivebyDocCell -->
