<?xml version="1.0" encoding="UTF-8"?>
<!-- Generated by org.testng.reporters.JUnitReportReporter -->
<testsuite hostname="AILT-100247" failures="0" tests="2" name="com.QAHODorInchargeTestRunner.BMRBatchCorrectionApproval" time="117.449" errors="0" timestamp="2025-01-18T11:54:29 IST" skipped="0">
  <testcase classname="com.QAHODorInchargeTestRunner.BMRBatchCorrectionApproval" name="BatchCorrectionApproval" time="59.183"/>
  <testcase classname="com.QAHODorInchargeTestRunner.BMRBatchCorrectionApproval" name="BatchCorrectionReturn" time="58.266"/>
</testsuite> <!-- com.QAHODorInchargeTestRunner.BMRBatchCorrectionApproval -->
