<?xml version="1.0" encoding="UTF-8"?>
<!-- Generated by org.testng.reporters.JUnitReportReporter -->
<testsuite hostname="AITHCLT046" failures="0" tests="1" name="com.ValidationInchargeTestRunner.BPRPrintReview" time="77.565" errors="0" timestamp="2025-01-31T10:31:57 IST" skipped="0">
  <testcase classname="com.ValidationInchargeTestRunner.BPRPrintReview" name="printReview" time="77.565"/>
</testsuite> <!-- com.ValidationInchargeTestRunner.BPRPrintReview -->
