<?xml version="1.0" encoding="UTF-8"?>
<!-- Generated by org.testng.reporters.JUnitReportReporter -->
<testsuite hostname="AILT-100247" failures="0" tests="1" name="com.QAOfficerTestRunner.BMRBatchCompletionApprovalbyQAOfficer" time="35.046" errors="0" timestamp="2024-12-24T10:22:12 IST" skipped="0">
  <testcase classname="com.QAOfficerTestRunner.BMRBatchCompletionApprovalbyQAOfficer" name="batchcoompletionApproval" time="35.046"/>
</testsuite> <!-- com.QAOfficerTestRunner.BMRBatchCompletionApprovalbyQAOfficer -->
