<?xml version="1.0" encoding="UTF-8"?>
<!-- Generated by org.testng.reporters.JUnitReportReporter -->
<testsuite hostname="AILT-100247" failures="0" tests="1" name="com.ProductionHODTestRunner.MasterApprovalByProductionHOD" time="34.837" errors="0" timestamp="2024-12-24T10:37:30 IST" skipped="0">
  <testcase classname="com.ProductionHODTestRunner.MasterApprovalByProductionHOD" name="productionhodapproval" time="34.837"/>
</testsuite> <!-- com.ProductionHODTestRunner.MasterApprovalByProductionHOD -->
