<?xml version="1.0" encoding="UTF-8"?>
<!-- Generated by org.testng.reporters.JUnitReportReporter -->
<testsuite hostname="AITHCLT046" failures="0" tests="3" name="com.QAHODorInchargeTestRunner.MasterApprovalByQAIncharge" time="158.537" errors="0" timestamp="2025-05-14T16:15:39 IST" skipped="0">
  <testcase classname="com.QAHODorInchargeTestRunner.MasterApprovalByQAIncharge" name="qaInchargeMasterApproval" time="48.903"/>
  <testcase classname="com.QAHODorInchargeTestRunner.MasterApprovalByQAIncharge" name="masterApprovalReturnbyQAIncharge" time="64.180"/>
  <testcase classname="com.QAHODorInchargeTestRunner.MasterApprovalByQAIncharge" name="qaInchargeMasterApproval" time="45.454"/>
</testsuite> <!-- com.QAHODorInchargeTestRunner.MasterApprovalByQAIncharge -->
