<?xml version="1.0" encoding="UTF-8"?>
<!-- Generated by org.testng.reporters.JUnitReportReporter -->
<testsuite hostname="AITHCLT046" failures="0" tests="1" name="com.QAOfficerTestRunner.BPRBatchCompletionApproval" time="28.751" errors="0" timestamp="2025-02-07T15:42:48 IST" skipped="0">
  <testcase classname="com.QAOfficerTestRunner.BPRBatchCompletionApproval" name="batchcoompletionApproval" time="28.751"/>
</testsuite> <!-- com.QAOfficerTestRunner.BPRBatchCompletionApproval -->
