<?xml version="1.0" encoding="UTF-8"?>
<!-- Generated by org.testng.reporters.JUnitReportReporter -->
<testsuite hostname="AILT-100247" failures="0" tests="1" name="com.IPQATestRunner.BPRBatchClosureReview" time="45.245" errors="0" timestamp="2024-12-20T11:58:57 IST" skipped="0">
  <testcase classname="com.IPQATestRunner.BPRBatchClosureReview" name="batchCompletionReview" time="45.245"/>
</testsuite> <!-- com.IPQATestRunner.BPRBatchClosureReview -->
