<?xml version="1.0" encoding="UTF-8"?>
<!-- Generated by org.testng.reporters.JUnitReportReporter -->
<testsuite hostname="AILT-100247" failures="0" tests="1" name="com.QAHODorInchargeTestRunner.BMRProductDetailsApprovalorReturn" time="32.158" errors="0" timestamp="2025-01-20T14:10:30 IST" skipped="0">
  <testcase classname="com.QAHODorInchargeTestRunner.BMRProductDetailsApprovalorReturn" name="hodApproval" time="32.158"/>
</testsuite> <!-- com.QAHODorInchargeTestRunner.BMRProductDetailsApprovalorReturn -->
