<?xml version="1.0" encoding="UTF-8"?>
<!-- Generated by org.testng.reporters.JUnitReportReporter -->
<testsuite hostname="AILT-100247" failures="0" tests="2" name="com.QAOfficerTestRunner.BMRReprintReqInitiation" time="134.627" errors="0" timestamp="2025-01-20T11:49:46 IST" skipped="0">
  <testcase classname="com.QAOfficerTestRunner.BMRReprintReqInitiation" name="rePrintReInitiation" time="50.301"/>
  <testcase classname="com.QAOfficerTestRunner.BMRReprintReqInitiation" name="rePrintInitiation" time="84.326"/>
</testsuite> <!-- com.QAOfficerTestRunner.BMRReprintReqInitiation -->
