<?xml version="1.0" encoding="UTF-8"?>
<!-- Generated by org.testng.reporters.JUnitReportReporter -->
<testsuite hostname="AILT-100247" failures="0" tests="2" name="com.InitiatorTestRunner.BMRMasterPreparationRequest" time="110.453" errors="0" timestamp="2025-01-25T12:12:54 IST" skipped="0">
  <testcase classname="com.InitiatorTestRunner.BMRMasterPreparationRequest" name="bmrMasterpreparation" time="57.268"/>
  <testcase classname="com.InitiatorTestRunner.BMRMasterPreparationRequest" name="bmrMasterpreparation" time="53.185"/>
</testsuite> <!-- com.InitiatorTestRunner.BMRMasterPreparationRequest -->
