<?xml version="1.0" encoding="UTF-8"?>
<!-- Generated by org.testng.reporters.JUnitReportReporter -->
<testsuite hostname="AITHCLT046" failures="0" tests="1" name="com.ValidationInchargeTestRunner.BPRPrintReview" time="42.180" errors="0" timestamp="2025-02-07T15:12:09 IST" skipped="0">
  <testcase classname="com.ValidationInchargeTestRunner.BPRPrintReview" name="printReview" time="42.180"/>
</testsuite> <!-- com.ValidationInchargeTestRunner.BPRPrintReview -->
