<?xml version="1.0" encoding="UTF-8"?>
<!-- Generated by org.testng.reporters.JUnitReportReporter -->
<testsuite hostname="AILT-100247" failures="0" tests="2" name="com.QAOfficerTestRunner.BPRAdditionalPagePrintIssuanceandPrint" time="95.312" errors="0" timestamp="2024-12-12T16:59:25 IST" skipped="0">
  <testcase classname="com.QAOfficerTestRunner.BPRAdditionalPagePrintIssuanceandPrint" name="additionalPageIssue" time="49.704"/>
  <testcase classname="com.QAOfficerTestRunner.BPRAdditionalPagePrintIssuanceandPrint" name="additionalPagePrint" time="45.608"/>
</testsuite> <!-- com.QAOfficerTestRunner.BPRAdditionalPagePrintIssuanceandPrint -->
