<?xml version="1.0" encoding="UTF-8"?>
<!-- Generated by org.testng.reporters.JUnitReportReporter -->
<testsuite hostname="AITHCLT046" failures="0" tests="3" name="com.ProductionExecutiveTestRunner.BMRAdditionalPagePrintReqInitiation" time="111.286" errors="0" timestamp="2025-02-06T16:35:41 IST" skipped="0">
  <testcase classname="com.ProductionExecutiveTestRunner.BMRAdditionalPagePrintReqInitiation" name="additionalPageReInitiation" time="30.608"/>
  <testcase classname="com.ProductionExecutiveTestRunner.BMRAdditionalPagePrintReqInitiation" name="additionalPageInitiation" time="50.283"/>
  <testcase classname="com.ProductionExecutiveTestRunner.BMRAdditionalPagePrintReqInitiation" name="additionalPageReInitiation" time="30.395"/>
</testsuite> <!-- com.ProductionExecutiveTestRunner.BMRAdditionalPagePrintReqInitiation -->
