<?xml version="1.0" encoding="UTF-8"?>
<!-- Generated by org.testng.reporters.JUnitReportReporter -->
<testsuite hostname="AILT-100247" failures="0" tests="2" name="com.QAHODorInchargeTestRunner.BMRbatchClosureApproval" time="80.160" errors="0" timestamp="2025-01-25T13:32:50 IST" skipped="0">
  <testcase classname="com.QAHODorInchargeTestRunner.BMRbatchClosureApproval" name="batchclosureReturn" time="40.473"/>
  <testcase classname="com.QAHODorInchargeTestRunner.BMRbatchClosureApproval" name="batchclosureApproval" time="39.687"/>
</testsuite> <!-- com.QAHODorInchargeTestRunner.BMRbatchClosureApproval -->
