<?xml version="1.0" encoding="UTF-8"?>
<!-- Generated by org.testng.reporters.JUnitReportReporter -->
<testsuite hostname="AILT-100247" failures="0" tests="1" name="com.ProductionInchargeTestRunner.BPRBeforePrintCancellation" time="61.172" errors="0" timestamp="2024-12-12T11:04:27 IST" skipped="0">
  <testcase classname="com.ProductionInchargeTestRunner.BPRBeforePrintCancellation" name="beforeprintcancelinitiation" time="61.172"/>
</testsuite> <!-- com.ProductionInchargeTestRunner.BPRBeforePrintCancellation -->
