<?xml version="1.0" encoding="UTF-8"?>
<!-- Generated by org.testng.reporters.JUnitReportReporter -->
<testsuite hostname="AILT-100247" failures="0" tests="1" name="com.QAOfficerTestRunner.BPRBatchCompletionApproval" time="28.731" errors="0" timestamp="2024-12-20T11:58:57 IST" skipped="0">
  <testcase classname="com.QAOfficerTestRunner.BPRBatchCompletionApproval" name="batchcoompletionApproval" time="28.731"/>
</testsuite> <!-- com.QAOfficerTestRunner.BPRBatchCompletionApproval -->
