<?xml version="1.0" encoding="UTF-8"?>
<!-- Generated by org.testng.reporters.JUnitReportReporter -->
<testsuite hostname="AITHCLT046" failures="0" tests="2" name="com.InitiatorTestRunner.BMRProductDetailsInitiation" time="104.348" errors="0" timestamp="2025-02-06T14:06:15 IST" skipped="0">
  <testcase classname="com.InitiatorTestRunner.BMRProductDetailsInitiation" name="bulkbilayerinitiation" time="77.285"/>
  <testcase classname="com.InitiatorTestRunner.BMRProductDetailsInitiation" name="bulkReinitiation" time="27.063"/>
</testsuite> <!-- com.InitiatorTestRunner.BMRProductDetailsInitiation -->
