<?xml version="1.0" encoding="UTF-8"?>
<!-- Generated by org.testng.reporters.JUnitReportReporter -->
<testsuite hostname="AILT-100247" failures="0" tests="7" name="com.MastersTestRunner.MarketTestRunner" time="327.798" errors="0" timestamp="2024-10-08T12:12:32 IST" skipped="0">
  <testcase classname="com.MastersTestRunner.MarketTestRunner" name="marketupdate" time="48.375"/>
  <testcase classname="com.MastersTestRunner.MarketTestRunner" name="Marketcreation" time="58.384"/>
  <testcase classname="com.MastersTestRunner.MarketTestRunner" name="marketdisableenable" time="48.643"/>
  <testcase classname="com.MastersTestRunner.MarketTestRunner" name="updatemarketwithspace" time="39.271"/>
  <testcase classname="com.MastersTestRunner.MarketTestRunner" name="Marketcreatewithspace" time="48.004"/>
  <testcase classname="com.MastersTestRunner.MarketTestRunner" name="existedmarketcreation" time="37.132"/>
  <testcase classname="com.MastersTestRunner.MarketTestRunner" name="marketdisableenable" time="47.989"/>
</testsuite> <!-- com.MastersTestRunner.MarketTestRunner -->
