<?xml version="1.0" encoding="UTF-8"?>
<!-- Generated by org.testng.reporters.JUnitReportReporter -->
<testsuite hostname="AILT-100247" failures="0" tests="2" name="com.QADocCellTestRunner.BPRMasterReqApprovalRejection" time="57.792" errors="0" timestamp="2024-12-21T17:00:08 IST" skipped="0">
  <testcase classname="com.QADocCellTestRunner.BPRMasterReqApprovalRejection" name="bprmasterreqapproval" time="28.738"/>
  <testcase classname="com.QADocCellTestRunner.BPRMasterReqApprovalRejection" name="bprmasterreqrejection" time="29.054"/>
</testsuite> <!-- com.QADocCellTestRunner.BPRMasterReqApprovalRejection -->
