<?xml version="1.0" encoding="UTF-8"?>
<!-- Generated by org.testng.reporters.JUnitReportReporter -->
<testsuite hostname="AITHCLT046" failures="0" tests="2" name="com.QAHODorInchargeTestRunner.BMRBatchCorrectionApproval" time="67.769" errors="0" timestamp="2025-04-30T15:45:36 IST" skipped="0">
  <testcase classname="com.QAHODorInchargeTestRunner.BMRBatchCorrectionApproval" name="BatchCorrectionReturn" time="33.905"/>
  <testcase classname="com.QAHODorInchargeTestRunner.BMRBatchCorrectionApproval" name="BatchCorrectionApproval" time="33.864"/>
</testsuite> <!-- com.QAHODorInchargeTestRunner.BMRBatchCorrectionApproval -->
