<?xml version="1.0" encoding="UTF-8"?>
<!-- Generated by org.testng.reporters.JUnitReportReporter -->
<testsuite hostname="AITHCLT046" failures="0" tests="2" name="com.IPQATestRunner.BMRAdditionalPageApproval" time="49.158" errors="0" timestamp="2025-02-06T16:35:41 IST" skipped="0">
  <testcase classname="com.IPQATestRunner.BMRAdditionalPageApproval" name="additionalPageReturnbyIPQA" time="24.578"/>
  <testcase classname="com.IPQATestRunner.BMRAdditionalPageApproval" name="additionalPageRejection" time="24.580"/>
</testsuite> <!-- com.IPQATestRunner.BMRAdditionalPageApproval -->
