<?xml version="1.0" encoding="UTF-8"?>
<!-- Generated by org.testng.reporters.JUnitReportReporter -->
<testsuite hostname="AITHCLT046" failures="0" tests="2" name="com.QAOfficerTestRunner.BMRPrintIssuance" time="84.825" errors="0" timestamp="2025-02-01T17:09:25 IST" skipped="0">
  <testcase classname="com.QAOfficerTestRunner.BMRPrintIssuance" name="bulkissue" time="50.623"/>
  <testcase classname="com.QAOfficerTestRunner.BMRPrintIssuance" name="print" time="34.202"/>
</testsuite> <!-- com.QAOfficerTestRunner.BMRPrintIssuance -->
