<?xml version="1.0" encoding="UTF-8"?>
<!-- Generated by org.testng.reporters.JUnitReportReporter -->
<testsuite hostname="AILT-100247" failures="0" tests="1" name="com.ProductionExecutiveTestRunner.BMRPrintRequestInitiation" time="49.035" errors="0" timestamp="2025-01-25T13:08:16 IST" skipped="0">
  <testcase classname="com.ProductionExecutiveTestRunner.BMRPrintRequestInitiation" name="printRecievedAcknowledgment" time="49.035"/>
</testsuite> <!-- com.ProductionExecutiveTestRunner.BMRPrintRequestInitiation -->
