<?xml version="1.0" encoding="UTF-8"?>
<!-- Generated by org.testng.reporters.JUnitReportReporter -->
<testsuite hostname="AILT-100247" failures="0" tests="3" name="com.IPQATestRunner.BatchCompletionReview" time="108.960" errors="0" timestamp="2025-01-25T13:28:19 IST" skipped="0">
  <testcase classname="com.IPQATestRunner.BatchCompletionReview" name="batchCompletionReview" time="30.496"/>
  <testcase classname="com.IPQATestRunner.BatchCompletionReview" name="batchCompletionReturn" time="42.755"/>
  <testcase classname="com.IPQATestRunner.BatchCompletionReview" name="batchCompletionReReview" time="35.709"/>
</testsuite> <!-- com.IPQATestRunner.BatchCompletionReview -->
