<?xml version="1.0" encoding="UTF-8"?>
<!-- Generated by org.testng.reporters.JUnitReportReporter -->
<testsuite hostname="AILT-100247" failures="0" tests="1" name="com.RATestRunner.BMRMasterApprovalbyRA" time="34.500" errors="0" timestamp="2024-12-24T10:37:30 IST" skipped="0">
  <testcase classname="com.RATestRunner.BMRMasterApprovalbyRA" name="rAMasterApproval" time="34.500"/>
</testsuite> <!-- com.RATestRunner.BMRMasterApprovalbyRA -->
