<?xml version="1.0" encoding="UTF-8"?>
<!-- Generated by org.testng.reporters.JUnitReportReporter -->
<testsuite hostname="AITHCLT046" failures="0" tests="1" name="com.QAHODorInchargeTestRunner.BMRAfterPrintCancelApprovalRejection" time="48.153" errors="0" timestamp="2025-05-04T10:28:44 IST" skipped="0">
  <testcase classname="com.QAHODorInchargeTestRunner.BMRAfterPrintCancelApprovalRejection" name="afterPrintcancelReject" time="48.153"/>
</testsuite> <!-- com.QAHODorInchargeTestRunner.BMRAfterPrintCancelApprovalRejection -->
