<?xml version="1.0" encoding="UTF-8"?>
<!-- Generated by org.testng.reporters.JUnitReportReporter -->
<testsuite hostname="AILT-100247" failures="0" tests="3" name="com.ProductionExecutiveTestRunner.BMRAfterPrintCancellation" time="120.353" errors="0" timestamp="2025-01-25T13:15:05 IST" skipped="0">
  <testcase classname="com.ProductionExecutiveTestRunner.BMRAfterPrintCancellation" name="afterPrintCancelInitiation" time="41.280"/>
  <testcase classname="com.ProductionExecutiveTestRunner.BMRAfterPrintCancellation" name="afterPrintCancelReInitiation" time="39.650"/>
  <testcase classname="com.ProductionExecutiveTestRunner.BMRAfterPrintCancellation" name="afterPrintCancelReInitiation" time="39.423"/>
</testsuite> <!-- com.ProductionExecutiveTestRunner.BMRAfterPrintCancellation -->
