<?xml version="1.0" encoding="UTF-8"?>
<!-- Generated by org.testng.reporters.JUnitReportReporter -->
<testsuite hostname="AITHCLT046" failures="0" tests="1" name="com.QADocCellTestRunner.BPRMasterEffective" time="36.028" errors="0" timestamp="2025-05-12T12:39:45 IST" skipped="0">
  <testcase classname="com.QADocCellTestRunner.BPRMasterEffective" name="bprmasterApprovalEffectivebyQADocCell" time="36.028"/>
</testsuite> <!-- com.QADocCellTestRunner.BPRMasterEffective -->
