<?xml version="1.0" encoding="UTF-8"?>
<!-- Generated by org.testng.reporters.JUnitReportReporter -->
<testsuite hostname="AITHCLT046" failures="0" tests="2" name="com.QAHODorInchargeTestRunner.BMRRePrintApproval" time="49.244" errors="0" timestamp="2025-02-01T17:14:35 IST" skipped="0">
  <testcase classname="com.QAHODorInchargeTestRunner.BMRRePrintApproval" name="rePrintReturn" time="24.294"/>
  <testcase classname="com.QAHODorInchargeTestRunner.BMRRePrintApproval" name="rePrintApproval" time="24.950"/>
</testsuite> <!-- com.QAHODorInchargeTestRunner.BMRRePrintApproval -->
