<?xml version="1.0" encoding="UTF-8"?>
<!-- Generated by org.testng.reporters.JUnitReportReporter -->
<testsuite hostname="AILT-100247" failures="0" tests="1" name="com.QAHODorInchargeTestRunner.BMRMasterCancelApprovalOrRejection" time="41.659" errors="0" timestamp="2024-12-23T10:50:13 IST" skipped="0">
  <testcase classname="com.QAHODorInchargeTestRunner.BMRMasterCancelApprovalOrRejection" name="masterCancelRejection" time="41.659"/>
</testsuite> <!-- com.QAHODorInchargeTestRunner.BMRMasterCancelApprovalOrRejection -->
