<?xml version="1.0" encoding="UTF-8"?>
<!-- Generated by org.testng.reporters.JUnitReportReporter -->
<testsuite hostname="AITHCLT046" failures="0" tests="1" name="com.ProductionInchargeTestRunner.ProductionInchargeMasterApprovalReview" time="33.913" errors="0" timestamp="2025-02-01T16:54:35 IST" skipped="0">
  <testcase classname="com.ProductionInchargeTestRunner.ProductionInchargeMasterApprovalReview" name="masterApproval" time="33.913"/>
</testsuite> <!-- com.ProductionInchargeTestRunner.ProductionInchargeMasterApprovalReview -->
