<?xml version="1.0" encoding="UTF-8"?>
<!-- Generated by org.testng.reporters.JUnitReportReporter -->
<testsuite hostname="AITHCLT046" failures="0" tests="2" name="com.QAHODorInchargeTestRunner.BPRAfterPrintCancelApproval" time="65.320" errors="0" timestamp="2025-01-31T09:32:40 IST" skipped="0">
  <testcase classname="com.QAHODorInchargeTestRunner.BPRAfterPrintCancelApproval" name="afterPrintcancelReject" time="32.575"/>
  <testcase classname="com.QAHODorInchargeTestRunner.BPRAfterPrintCancelApproval" name="afterPrintcancelReturn" time="32.745"/>
</testsuite> <!-- com.QAHODorInchargeTestRunner.BPRAfterPrintCancelApproval -->
