<?xml version="1.0" encoding="UTF-8"?>
<!-- Generated by org.testng.reporters.JUnitReportReporter -->
<testsuite hostname="AITHCLT046" failures="0" tests="2" name="com.QAOfficerTestRunner.BMRBatchCompletionApprovalbyQAOfficer" time="52.735" errors="0" timestamp="2025-02-07T09:32:01 IST" skipped="0">
  <testcase classname="com.QAOfficerTestRunner.BMRBatchCompletionApprovalbyQAOfficer" name="batchcoompletionApproval" time="28.618"/>
  <testcase classname="com.QAOfficerTestRunner.BMRBatchCompletionApprovalbyQAOfficer" name="batchcoompletionReturntoipqa" time="24.117"/>
</testsuite> <!-- com.QAOfficerTestRunner.BMRBatchCompletionApprovalbyQAOfficer -->
