<?xml version="1.0" encoding="UTF-8"?>
<!-- Generated by org.testng.reporters.JUnitReportReporter -->
<testsuite hostname="AITHCLT046" failures="0" tests="1" name="com.InitiatorTestRunner.BPRMasterCancel" time="34.158" errors="0" timestamp="2025-02-07T11:05:53 IST" skipped="0">
  <testcase classname="com.InitiatorTestRunner.BPRMasterCancel" name="bprMasterCancelinitiation" time="34.158"/>
</testsuite> <!-- com.InitiatorTestRunner.BPRMasterCancel -->
