<?xml version="1.0" encoding="UTF-8"?>
<!-- Generated by org.testng.reporters.JUnitReportReporter -->
<testsuite hostname="AILT-100247" failures="0" tests="2" name="com.InitiatorTestRunner.BMRProductDetailsInitiation" time="116.195" errors="0" timestamp="2024-12-21T16:27:21 IST" skipped="0">
  <testcase classname="com.InitiatorTestRunner.BMRProductDetailsInitiation" name="commonbulkinitiation" time="79.094"/>
  <testcase classname="com.InitiatorTestRunner.BMRProductDetailsInitiation" name="bulkReinitiation" time="37.101"/>
</testsuite> <!-- com.InitiatorTestRunner.BMRProductDetailsInitiation -->
