<?xml version="1.0" encoding="UTF-8"?>
<!-- Generated by org.testng.reporters.JUnitReportReporter -->
<testsuite hostname="AILT-100247" failures="0" tests="2" name="com.IPQATestRunner.BMRAdditionalPageApproval" time="85.681" errors="0" timestamp="2024-12-23T14:30:48 IST" skipped="0">
  <testcase classname="com.IPQATestRunner.BMRAdditionalPageApproval" name="additionalPageReturnbyIPQA" time="42.978"/>
  <testcase classname="com.IPQATestRunner.BMRAdditionalPageApproval" name="additionalPageApproval" time="42.703"/>
</testsuite> <!-- com.IPQATestRunner.BMRAdditionalPageApproval -->
