<?xml version="1.0" encoding="UTF-8"?>
<!-- Generated by org.testng.reporters.JUnitReportReporter -->
<testsuite hostname="AITHCLT046" failures="0" tests="1" name="com.QADocCellTestRunner.BMRMasterEffectivebyDocCell" time="45.363" errors="0" timestamp="2025-05-14T16:15:39 IST" skipped="0">
  <testcase classname="com.QADocCellTestRunner.BMRMasterEffectivebyDocCell" name="masterApprovalEffectivebyQADocCell" time="45.363"/>
</testsuite> <!-- com.QADocCellTestRunner.BMRMasterEffectivebyDocCell -->
