<?xml version="1.0" encoding="UTF-8"?>
<!-- Generated by org.testng.reporters.JUnitReportReporter -->
<testsuite hostname="AITHCLT046" failures="0" tests="2" name="com.QAHODorInchargeTestRunner.BMRObsoleteApprovalNdReject" time="68.791" errors="0" timestamp="2025-02-07T16:32:51 IST" skipped="0">
  <testcase classname="com.QAHODorInchargeTestRunner.BMRObsoleteApprovalNdReject" name="obsoleteReturn" time="33.945"/>
  <testcase classname="com.QAHODorInchargeTestRunner.BMRObsoleteApprovalNdReject" name="obsoleteApproval" time="34.846"/>
</testsuite> <!-- com.QAHODorInchargeTestRunner.BMRObsoleteApprovalNdReject -->
