<?xml version="1.0" encoding="UTF-8"?>
<!-- Generated by org.testng.reporters.JUnitReportReporter -->
<testsuite hostname="AILT-100247" failures="0" tests="2" name="com.QAOfficerTestRunner.BMRReprintIssueandPrint" time="75.868" errors="0" timestamp="2025-01-25T13:08:16 IST" skipped="0">
  <testcase classname="com.QAOfficerTestRunner.BMRReprintIssueandPrint" name="RePrintPrint" time="39.778"/>
  <testcase classname="com.QAOfficerTestRunner.BMRReprintIssueandPrint" name="ReprintIssue" time="36.090"/>
</testsuite> <!-- com.QAOfficerTestRunner.BMRReprintIssueandPrint -->
