<?xml version="1.0" encoding="UTF-8"?>
<!-- Generated by org.testng.reporters.JUnitReportReporter -->
<testsuite hostname="AITHCLT046" failures="0" tests="6" name="com.ProductionHODTestRunner.MasterApprovalByProductionHOD" time="196.225" errors="0" timestamp="2025-02-06T14:44:04 IST" skipped="0">
  <testcase classname="com.ProductionHODTestRunner.MasterApprovalByProductionHOD" name="productionhodapproval" time="33.341"/>
  <testcase classname="com.ProductionHODTestRunner.MasterApprovalByProductionHOD" name="productionhodapproval" time="32.491"/>
  <testcase classname="com.ProductionHODTestRunner.MasterApprovalByProductionHOD" name="productionhodapproval" time="31.797"/>
  <testcase classname="com.ProductionHODTestRunner.MasterApprovalByProductionHOD" name="productionhodreturn" time="33.378"/>
  <testcase classname="com.ProductionHODTestRunner.MasterApprovalByProductionHOD" name="productionhodapproval" time="33.288"/>
  <testcase classname="com.ProductionHODTestRunner.MasterApprovalByProductionHOD" name="productionhodapproval" time="31.930"/>
</testsuite> <!-- com.ProductionHODTestRunner.MasterApprovalByProductionHOD -->
