<?xml version="1.0" encoding="UTF-8"?>
<!-- Generated by org.testng.reporters.JUnitReportReporter -->
<testsuite hostname="AITHCLT046" failures="0" tests="3" name="com.ProductionInchargeTestRunner.BMRAfterPrintCancellationReview" time="102.942" errors="0" timestamp="2025-02-06T16:07:34 IST" skipped="0">
  <testcase classname="com.ProductionInchargeTestRunner.BMRAfterPrintCancellationReview" name="afterPrintCancelReview" time="34.231"/>
  <testcase classname="com.ProductionInchargeTestRunner.BMRAfterPrintCancellationReview" name="afterPrintCancelReturn" time="34.419"/>
  <testcase classname="com.ProductionInchargeTestRunner.BMRAfterPrintCancellationReview" name="afterPrintCancelReview" time="34.292"/>
</testsuite> <!-- com.ProductionInchargeTestRunner.BMRAfterPrintCancellationReview -->
