<?xml version="1.0" encoding="UTF-8"?>
<!-- Generated by org.testng.reporters.JUnitReportReporter -->
<testsuite hostname="AITHCLT046" failures="0" tests="1" name="com.QAHODorInchargeTestRunner.BPRMasterApprovalbyQAHOD" time="33.909" errors="0" timestamp="2025-01-31T12:23:17 IST" skipped="0">
  <testcase classname="com.QAHODorInchargeTestRunner.BPRMasterApprovalbyQAHOD" name="bprqaHODMasterApproval" time="33.909"/>
</testsuite> <!-- com.QAHODorInchargeTestRunner.BPRMasterApprovalbyQAHOD -->
