<?xml version="1.0" encoding="UTF-8"?>
<!-- Generated by org.testng.reporters.JUnitReportReporter -->
<testsuite hostname="AITHCLT046" failures="0" tests="3" name="com.ProductionInchargeTestRunner.BMRAdditionalPageReview" time="76.745" errors="0" timestamp="2025-04-05T14:27:37 IST" skipped="0">
  <testcase classname="com.ProductionInchargeTestRunner.BMRAdditionalPageReview" name="additionalPageReturn" time="25.497"/>
  <testcase classname="com.ProductionInchargeTestRunner.BMRAdditionalPageReview" name="additionalPageReview" time="25.582"/>
  <testcase classname="com.ProductionInchargeTestRunner.BMRAdditionalPageReview" name="additionalPageReview" time="25.666"/>
</testsuite> <!-- com.ProductionInchargeTestRunner.BMRAdditionalPageReview -->
