<?xml version="1.0" encoding="UTF-8"?>
<!-- Generated by org.testng.reporters.JUnitReportReporter -->
<testsuite hostname="AILT-100247" failures="0" tests="2" name="com.QADocCellTestRunner.BMRMasterPreparationRequestApprovalorRejection" time="67.136" errors="0" timestamp="2025-01-25T12:12:54 IST" skipped="0">
  <testcase classname="com.QADocCellTestRunner.BMRMasterPreparationRequestApprovalorRejection" name="bmrmasterreqrejection" time="26.108"/>
  <testcase classname="com.QADocCellTestRunner.BMRMasterPreparationRequestApprovalorRejection" name="bmrmasterreqapproval" time="41.028"/>
</testsuite> <!-- com.QADocCellTestRunner.BMRMasterPreparationRequestApprovalorRejection -->
