<?xml version="1.0" encoding="UTF-8"?>
<!-- Generated by org.testng.reporters.JUnitReportReporter -->
<testsuite hostname="AITHCLT046" failures="0" tests="4" name="com.QAHODorInchargeTestRunner.BPRPrintReqApproval" time="223.229" errors="0" timestamp="2025-05-12T13:08:23 IST" skipped="0">
  <testcase classname="com.QAHODorInchargeTestRunner.BPRPrintReqApproval" name="printApproval" time="55.653"/>
  <testcase classname="com.QAHODorInchargeTestRunner.BPRPrintReqApproval" name="printApproval" time="55.591"/>
  <testcase classname="com.QAHODorInchargeTestRunner.BPRPrintReqApproval" name="printApproval" time="56.352"/>
  <testcase classname="com.QAHODorInchargeTestRunner.BPRPrintReqApproval" name="printApproval" time="55.633"/>
</testsuite> <!-- com.QAHODorInchargeTestRunner.BPRPrintReqApproval -->
