<?xml version="1.0" encoding="UTF-8"?>
<!-- Generated by org.testng.reporters.JUnitReportReporter -->
<testsuite hostname="AITHCLT046" failures="0" tests="2" name="com.QAHODorInchargeTestRunner.BPRObsoleteApproval" time="68.811" errors="0" timestamp="2025-02-07T16:17:07 IST" skipped="0">
  <testcase classname="com.QAHODorInchargeTestRunner.BPRObsoleteApproval" name="obsoleteReturn" time="34.617"/>
  <testcase classname="com.QAHODorInchargeTestRunner.BPRObsoleteApproval" name="obsoleteApproval" time="34.194"/>
</testsuite> <!-- com.QAHODorInchargeTestRunner.BPRObsoleteApproval -->
