<?xml version="1.0" encoding="UTF-8"?>
<!-- Generated by org.testng.reporters.JUnitReportReporter -->
<testsuite hostname="AILT-100247" failures="0" tests="1" name="com.QAHODorInchargeTestRunner.MasterApprovalByQAHOD" time="35.565" errors="0" timestamp="2025-01-25T12:44:07 IST" skipped="0">
  <testcase classname="com.QAHODorInchargeTestRunner.MasterApprovalByQAHOD" name="qaHODMasterApproval" time="35.565"/>
</testsuite> <!-- com.QAHODorInchargeTestRunner.MasterApprovalByQAHOD -->
