<?xml version="1.0" encoding="UTF-8"?>
<!-- Generated by org.testng.reporters.JUnitReportReporter -->
<testsuite hostname="AITHCLT046" failures="0" tests="3" name="com.ProductionInchargeTestRunner.BPRObsoleteReview" time="103.494" errors="0" timestamp="2025-02-07T16:17:07 IST" skipped="0">
  <testcase classname="com.ProductionInchargeTestRunner.BPRObsoleteReview" name="obsoleteReturn" time="34.546"/>
  <testcase classname="com.ProductionInchargeTestRunner.BPRObsoleteReview" name="obsoleteReview" time="34.576"/>
  <testcase classname="com.ProductionInchargeTestRunner.BPRObsoleteReview" name="obsoleteReview" time="34.372"/>
</testsuite> <!-- com.ProductionInchargeTestRunner.BPRObsoleteReview -->
