<?xml version="1.0" encoding="UTF-8"?>
<!-- Generated by org.testng.reporters.JUnitReportReporter -->
<testsuite hostname="AILT-100247" failures="0" tests="2" name="com.MastersTestRunner.ModeofPackingTestRunner" time="94.770" errors="0" timestamp="2024-10-09T10:43:11 IST" skipped="0">
  <testcase classname="com.MastersTestRunner.ModeofPackingTestRunner" name="addmopinedit" time="63.770"/>
  <testcase classname="com.MastersTestRunner.ModeofPackingTestRunner" name="existedmopcreation1" time="31.000"/>
</testsuite> <!-- com.MastersTestRunner.ModeofPackingTestRunner -->
