<?xml version="1.0" encoding="UTF-8"?>
<!-- Generated by org.testng.reporters.JUnitReportReporter -->
<testsuite hostname="AITHCLT046" failures="0" tests="3" name="com.QAHODorInchargeTestRunner.MasterApprovalByQAIncharge" time="96.548" errors="0" timestamp="2025-02-06T14:44:04 IST" skipped="0">
  <testcase classname="com.QAHODorInchargeTestRunner.MasterApprovalByQAIncharge" name="masterApprovalReturnbyQAIncharge" time="32.397"/>
  <testcase classname="com.QAHODorInchargeTestRunner.MasterApprovalByQAIncharge" name="qaInchargeMasterApproval" time="32.216"/>
  <testcase classname="com.QAHODorInchargeTestRunner.MasterApprovalByQAIncharge" name="qaInchargeMasterApproval" time="31.935"/>
</testsuite> <!-- com.QAHODorInchargeTestRunner.MasterApprovalByQAIncharge -->
