<?xml version="1.0" encoding="UTF-8"?>
<!-- Generated by org.testng.reporters.JUnitReportReporter -->
<testsuite hostname="AITHCLT046" failures="0" tests="3" name="com.IPQATestRunner.BatchCompletionReview" time="73.694" errors="0" timestamp="2025-02-01T17:30:08 IST" skipped="0">
  <testcase classname="com.IPQATestRunner.BatchCompletionReview" name="batchCompletionReview" time="23.528"/>
  <testcase classname="com.IPQATestRunner.BatchCompletionReview" name="batchCompletionReReview" time="26.466"/>
  <testcase classname="com.IPQATestRunner.BatchCompletionReview" name="batchCompletionReturn" time="23.700"/>
</testsuite> <!-- com.IPQATestRunner.BatchCompletionReview -->
