<?xml version="1.0" encoding="UTF-8"?>
<!-- Generated by org.testng.reporters.JUnitReportReporter -->
<testsuite hostname="AITHCLT046" failures="0" tests="1" name="com.ProductionInchargeTestRunner.BPRMasterReview" time="32.390" errors="0" timestamp="2025-02-07T11:11:39 IST" skipped="0">
  <testcase classname="com.ProductionInchargeTestRunner.BPRMasterReview" name="bprmasterReview" time="32.390"/>
</testsuite> <!-- com.ProductionInchargeTestRunner.BPRMasterReview -->
