<?xml version="1.0" encoding="UTF-8"?>
<!-- Generated by org.testng.reporters.JUnitReportReporter -->
<testsuite hostname="AILT-100247" failures="0" tests="1" name="com.InitiatorTestRunner.BMRProductDetailsInitiation" time="89.554" errors="0" timestamp="2024-12-24T10:27:43 IST" skipped="0">
  <testcase classname="com.InitiatorTestRunner.BMRProductDetailsInitiation" name="standardbulkinitiation" time="89.554"/>
</testsuite> <!-- com.InitiatorTestRunner.BMRProductDetailsInitiation -->
