<?xml version="1.0" encoding="UTF-8"?>
<!-- Generated by org.testng.reporters.JUnitReportReporter -->
<testsuite hostname="AITHCLT046" failures="0" tests="1" name="com.IPQATestRunner.BPRUnusedQtyApprovalorRejection" time="34.744" errors="0" timestamp="2025-01-31T10:58:30 IST" skipped="0">
  <testcase classname="com.IPQATestRunner.BPRUnusedQtyApprovalorRejection" name="unusedqtyRejection" time="34.744"/>
</testsuite> <!-- com.IPQATestRunner.BPRUnusedQtyApprovalorRejection -->
