<?xml version="1.0" encoding="UTF-8"?>
<!-- Generated by org.testng.reporters.JUnitReportReporter -->
<testsuite hostname="AILT-100247" failures="0" tests="2" name="com.QAOfficerTestRunner.BMRBatchClosureInitiationbyQAOfficer" time="97.878" errors="0" timestamp="2025-01-25T13:32:50 IST" skipped="0">
  <testcase classname="com.QAOfficerTestRunner.BMRBatchClosureInitiationbyQAOfficer" name="batchclosureInitiation" time="63.377"/>
  <testcase classname="com.QAOfficerTestRunner.BMRBatchClosureInitiationbyQAOfficer" name="batchclosureReInitiation" time="34.501"/>
</testsuite> <!-- com.QAOfficerTestRunner.BMRBatchClosureInitiationbyQAOfficer -->
