<?xml version="1.0" encoding="UTF-8"?>
<!-- Generated by org.testng.reporters.JUnitReportReporter -->
<testsuite hostname="AITHCLT046" failures="0" tests="1" name="com.InitiatorTestRunner.BMRMasterCancellation" time="36.800" errors="0" timestamp="2025-02-06T14:21:43 IST" skipped="0">
  <testcase classname="com.InitiatorTestRunner.BMRMasterCancellation" name="bmrMasterCancelinitiation" time="36.800"/>
</testsuite> <!-- com.InitiatorTestRunner.BMRMasterCancellation -->
