<?xml version="1.0" encoding="UTF-8"?>
<!-- Generated by org.testng.reporters.JUnitReportReporter -->
<testsuite hostname="AILT-100247" failures="0" tests="2" name="com.QAOfficerTestRunner.BMRPrintIssuance" time="88.416" errors="0" timestamp="2025-01-25T13:01:59 IST" skipped="0">
  <testcase classname="com.QAOfficerTestRunner.BMRPrintIssuance" name="print" time="36.675"/>
  <testcase classname="com.QAOfficerTestRunner.BMRPrintIssuance" name="bulkissue" time="51.741"/>
</testsuite> <!-- com.QAOfficerTestRunner.BMRPrintIssuance -->
