<?xml version="1.0" encoding="UTF-8"?>
<!-- Generated by org.testng.reporters.JUnitReportReporter -->
<testsuite hostname="AITHCLT046" failures="0" tests="1" name="com.ProductionInchargeTestRunner.BPRAdditionalPageReview" time="54.954" errors="0" timestamp="2025-05-10T10:41:22 IST" skipped="0">
  <testcase classname="com.ProductionInchargeTestRunner.BPRAdditionalPageReview" name="bpradditionalPageReview" time="54.954"/>
</testsuite> <!-- com.ProductionInchargeTestRunner.BPRAdditionalPageReview -->
