<?xml version="1.0" encoding="UTF-8"?>
<!-- Generated by org.testng.reporters.JUnitReportReporter -->
<testsuite hostname="AITHCLT046" failures="0" tests="1" name="com.ProductionInchargeTestRunner.BPRPrintReview" time="39.950" errors="0" timestamp="2025-02-07T15:12:09 IST" skipped="0">
  <testcase classname="com.ProductionInchargeTestRunner.BPRPrintReview" name="printReview" time="39.950"/>
</testsuite> <!-- com.ProductionInchargeTestRunner.BPRPrintReview -->
