<?xml version="1.0" encoding="UTF-8"?>
<!-- Generated by org.testng.reporters.JUnitReportReporter -->
<testsuite hostname="AILT-100247" failures="0" tests="1" name="com.QAHODorInchargeTestRunner.CFTRevieworReturn" time="146.412" errors="0" timestamp="2025-01-20T12:43:48 IST" skipped="0">
  <testcase classname="com.QAHODorInchargeTestRunner.CFTRevieworReturn" name="cftReview" time="146.412"/>
</testsuite> <!-- com.QAHODorInchargeTestRunner.CFTRevieworReturn -->
