<?xml version="1.0" encoding="UTF-8"?>
<!-- Generated by org.testng.reporters.JUnitReportReporter -->
<testsuite hostname="AILT-100247" failures="0" tests="1" name="com.InitiatorTestRunner.BMRMasterCancellation" time="54.466" errors="0" timestamp="2024-12-21T11:52:27 IST" skipped="0">
  <testcase classname="com.InitiatorTestRunner.BMRMasterCancellation" name="bmrMasterCancelinitiation" time="54.466"/>
</testsuite> <!-- com.InitiatorTestRunner.BMRMasterCancellation -->
