<?xml version="1.0" encoding="UTF-8"?>
<!-- Generated by org.testng.reporters.JUnitReportReporter -->
<testsuite hostname="AITHCLT046" failures="0" tests="1" name="NewTest" time="0.012" errors="0" timestamp="2025-02-04T16:00:46 IST" skipped="0">
  <testcase classname="NewTest" name="test" time="0.012"/>
</testsuite> <!-- NewTest -->
