<?xml version="1.0" encoding="UTF-8"?>
<!-- Generated by org.testng.reporters.JUnitReportReporter -->
<testsuite hostname="AITHCLT046" failures="0" tests="1" name="com.IPQATestRunner.BatchCompletionReview" time="41.958" errors="0" timestamp="2025-05-15T10:49:21 IST" skipped="0">
  <testcase classname="com.IPQATestRunner.BatchCompletionReview" name="batchCompletionReReview" time="41.958"/>
</testsuite> <!-- com.IPQATestRunner.BatchCompletionReview -->
