<?xml version="1.0" encoding="UTF-8"?>
<!-- Generated by org.testng.reporters.JUnitReportReporter -->
<testsuite hostname="AITHCLT046" failures="0" tests="2" name="test" time="20.751" errors="0" timestamp="2025-07-17T10:04:41 IST" skipped="0">
  <testcase classname="test" name="test" time="11.982"/>
  <testcase classname="test" name="test" time="8.769"/>
</testsuite> <!-- test -->
