<?xml version="1.0" encoding="UTF-8"?>
<!-- Generated by org.testng.reporters.JUnitReportReporter -->
<testsuite hostname="AITHCLT046" failures="0" tests="2" name="com.QADocCellTestRunner.BPRMasterReqApprovalRejection" time="50.757" errors="0" timestamp="2025-02-07T11:02:01 IST" skipped="0">
  <testcase classname="com.QADocCellTestRunner.BPRMasterReqApprovalRejection" name="bprmasterreqapproval" time="26.413"/>
  <testcase classname="com.QADocCellTestRunner.BPRMasterReqApprovalRejection" name="bprmasterreqrejection" time="24.344"/>
</testsuite> <!-- com.QADocCellTestRunner.BPRMasterReqApprovalRejection -->
