<?xml version="1.0" encoding="UTF-8"?>
<!-- Generated by org.testng.reporters.JUnitReportReporter -->
<testsuite hostname="AITHCLT046" failures="0" tests="1" name="com.ProductionInchargeTestRunner.BMRAfterPrintCancellationReview" time="88.511" errors="0" timestamp="2025-05-04T10:28:44 IST" skipped="0">
  <testcase classname="com.ProductionInchargeTestRunner.BMRAfterPrintCancellationReview" name="afterPrintCancelReview" time="88.511"/>
</testsuite> <!-- com.ProductionInchargeTestRunner.BMRAfterPrintCancellationReview -->
