<?xml version="1.0" encoding="UTF-8"?>
<!-- Generated by org.testng.reporters.JUnitReportReporter -->
<testsuite hostname="AILT-100247" failures="0" tests="2" name="com.InitiatorTestRunner.BMRDraftInitiation" time="209.641" errors="0" timestamp="2024-12-23T16:08:09 IST" skipped="0">
  <testcase classname="com.InitiatorTestRunner.BMRDraftInitiation" name="draftReinitiation" time="56.210"/>
  <testcase classname="com.InitiatorTestRunner.BMRDraftInitiation" name="draftinitiation" time="153.431"/>
</testsuite> <!-- com.InitiatorTestRunner.BMRDraftInitiation -->
