<?xml version="1.0" encoding="UTF-8"?>
<!-- Generated by org.testng.reporters.JUnitReportReporter -->
<testsuite hostname="AILT-100247" failures="0" tests="1" name="com.InitiatorTestRunner.BMRProductDetailsInitiation" time="106.632" errors="0" timestamp="2025-01-20T14:10:30 IST" skipped="0">
  <testcase classname="com.InitiatorTestRunner.BMRProductDetailsInitiation" name="commonbulkinitiation" time="106.632"/>
</testsuite> <!-- com.InitiatorTestRunner.BMRProductDetailsInitiation -->
