<?xml version="1.0" encoding="UTF-8"?>
<!-- Generated by org.testng.reporters.JUnitReportReporter -->
<testsuite hostname="AILT-100247" failures="0" tests="3" name="com.ProductionInchargeTestRunner.BMRAfterPrintCancellationReview" time="121.478" errors="0" timestamp="2025-01-25T13:15:05 IST" skipped="0">
  <testcase classname="com.ProductionInchargeTestRunner.BMRAfterPrintCancellationReview" name="afterPrintCancelReview" time="42.777"/>
  <testcase classname="com.ProductionInchargeTestRunner.BMRAfterPrintCancellationReview" name="afterPrintCancelReview" time="39.268"/>
  <testcase classname="com.ProductionInchargeTestRunner.BMRAfterPrintCancellationReview" name="afterPrintCancelReturn" time="39.433"/>
</testsuite> <!-- com.ProductionInchargeTestRunner.BMRAfterPrintCancellationReview -->
