<?xml version="1.0" encoding="UTF-8"?>
<!-- Generated by org.testng.reporters.JUnitReportReporter -->
<testsuite hostname="AITHCLT046" failures="0" tests="1" name="com.QAHODorInchargeTestRunner.BPRMasterCancelAppovalorRejection" time="24.720" errors="0" timestamp="2025-01-31T11:39:13 IST" skipped="0">
  <testcase classname="com.QAHODorInchargeTestRunner.BPRMasterCancelAppovalorRejection" name="bprmasterCancelApproval" time="24.720"/>
</testsuite> <!-- com.QAHODorInchargeTestRunner.BPRMasterCancelAppovalorRejection -->
