<?xml version="1.0" encoding="UTF-8"?>
<!-- Generated by org.testng.reporters.JUnitReportReporter -->
<testsuite hostname="AITHCLT046" failures="0" tests="2" name="com.QAOfficerTestRunner.BMRBatchClosureInitiationbyQAOfficer" time="77.155" errors="0" timestamp="2025-02-01T17:33:07 IST" skipped="0">
  <testcase classname="com.QAOfficerTestRunner.BMRBatchClosureInitiationbyQAOfficer" name="batchclosureInitiation" time="47.990"/>
  <testcase classname="com.QAOfficerTestRunner.BMRBatchClosureInitiationbyQAOfficer" name="batchclosureReInitiation" time="29.165"/>
</testsuite> <!-- com.QAOfficerTestRunner.BMRBatchClosureInitiationbyQAOfficer -->
