<?xml version="1.0" encoding="UTF-8"?>
<!-- Generated by org.testng.reporters.JUnitReportReporter -->
<testsuite hostname="AILT-100247" failures="0" tests="1" name="com.InitiatorTestRunner.BPRMasterCancel" time="51.702" errors="0" timestamp="2024-12-11T12:01:06 IST" skipped="0">
  <testcase classname="com.InitiatorTestRunner.BPRMasterCancel" name="bprMasterCancelinitiation" time="51.702"/>
</testsuite> <!-- com.InitiatorTestRunner.BPRMasterCancel -->
