<?xml version="1.0" encoding="UTF-8"?>
<!-- Generated by org.testng.reporters.JUnitReportReporter -->
<testsuite hostname="AILT-100247" failures="0" tests="2" name="com.ProductionExecutiveTestRunner.BMRBatchCompletionInitiationbyExe" time="73.428" errors="0" timestamp="2024-12-21T14:43:02 IST" skipped="0">
  <testcase classname="com.ProductionExecutiveTestRunner.BMRBatchCompletionInitiationbyExe" name="batchReinitiation" time="38.247"/>
  <testcase classname="com.ProductionExecutiveTestRunner.BMRBatchCompletionInitiationbyExe" name="batchReinitiation" time="35.181"/>
</testsuite> <!-- com.ProductionExecutiveTestRunner.BMRBatchCompletionInitiationbyExe -->
