<?xml version="1.0" encoding="UTF-8"?>
<!-- Generated by org.testng.reporters.JUnitReportReporter -->
<testsuite hostname="AITHCLT046" failures="0" tests="2" name="com.QAOfficerTestRunner.BMRBatchCompletionApprovalbyQAOfficer" time="86.500" errors="0" timestamp="2025-05-15T10:49:21 IST" skipped="0">
  <testcase classname="com.QAOfficerTestRunner.BMRBatchCompletionApprovalbyQAOfficer" name="batchcoompletionApproval" time="44.781"/>
  <testcase classname="com.QAOfficerTestRunner.BMRBatchCompletionApprovalbyQAOfficer" name="batchcoompletionReturntoipqa" time="41.719"/>
</testsuite> <!-- com.QAOfficerTestRunner.BMRBatchCompletionApprovalbyQAOfficer -->
