<?xml version="1.0" encoding="UTF-8"?>
<!-- Generated by org.testng.reporters.JUnitReportReporter -->
<testsuite hostname="AILT-100247" failures="0" tests="3" name="com.QAHODorInchargeTestRunner.MasterApprovalByQAIncharge" time="90.415" errors="0" timestamp="2024-12-21T12:16:38 IST" skipped="0">
  <testcase classname="com.QAHODorInchargeTestRunner.MasterApprovalByQAIncharge" name="qaInchargeMasterApproval" time="30.839"/>
  <testcase classname="com.QAHODorInchargeTestRunner.MasterApprovalByQAIncharge" name="qaInchargeMasterApproval" time="29.644"/>
  <testcase classname="com.QAHODorInchargeTestRunner.MasterApprovalByQAIncharge" name="masterApprovalReturnbyQAIncharge" time="29.932"/>
</testsuite> <!-- com.QAHODorInchargeTestRunner.MasterApprovalByQAIncharge -->
