<?xml version="1.0" encoding="UTF-8"?>
<!-- Generated by org.testng.reporters.JUnitReportReporter -->
<testsuite hostname="AILT-100247" failures="0" tests="2" name="com.QAOfficerTestRunner.BMRBatchCompletionApprovalbyQAOfficer" time="57.902" errors="0" timestamp="2025-01-25T13:28:19 IST" skipped="0">
  <testcase classname="com.QAOfficerTestRunner.BMRBatchCompletionApprovalbyQAOfficer" name="batchcoompletionApproval" time="30.850"/>
  <testcase classname="com.QAOfficerTestRunner.BMRBatchCompletionApprovalbyQAOfficer" name="batchcoompletionReturntoipqa" time="27.052"/>
</testsuite> <!-- com.QAOfficerTestRunner.BMRBatchCompletionApprovalbyQAOfficer -->
