<?xml version="1.0" encoding="UTF-8"?>
<!-- Generated by org.testng.reporters.JUnitReportReporter -->
<testsuite hostname="AILT-100247" failures="0" tests="1" name="com.ProductionExecutiveTestRunner.BMRBatchCompletionInitiationbyExe" time="51.133" errors="0" timestamp="2024-12-24T10:22:12 IST" skipped="0">
  <testcase classname="com.ProductionExecutiveTestRunner.BMRBatchCompletionInitiationbyExe" name="batchinitiation" time="51.133"/>
</testsuite> <!-- com.ProductionExecutiveTestRunner.BMRBatchCompletionInitiationbyExe -->
