<?xml version="1.0" encoding="UTF-8"?>
<!-- Generated by org.testng.reporters.JUnitReportReporter -->
<testsuite hostname="AITHCLT046" failures="0" tests="2" name="com.QAOfficerTestRunner.BPRBatchClosureInitiation" time="82.639" errors="0" timestamp="2025-02-07T15:50:43 IST" skipped="0">
  <testcase classname="com.QAOfficerTestRunner.BPRBatchClosureInitiation" name="bprbatchclosureReInitiation" time="30.248"/>
  <testcase classname="com.QAOfficerTestRunner.BPRBatchClosureInitiation" name="bprbatchclosureInitiation" time="52.391"/>
</testsuite> <!-- com.QAOfficerTestRunner.BPRBatchClosureInitiation -->
