<?xml version="1.0" encoding="UTF-8"?>
<!-- Generated by org.testng.reporters.JUnitReportReporter -->
<testsuite hostname="AILT-100247" failures="0" tests="7" name="com.MastersTestRunner.StrengthTestRunner" time="320.641" errors="0" timestamp="2024-10-08T12:38:57 IST" skipped="0">
  <testcase classname="com.MastersTestRunner.StrengthTestRunner" name="strengthupdate" time="48.360"/>
  <testcase classname="com.MastersTestRunner.StrengthTestRunner" name="strengthdisableenable" time="53.048"/>
  <testcase classname="com.MastersTestRunner.StrengthTestRunner" name="strengthcreatewithspace" time="32.474"/>
  <testcase classname="com.MastersTestRunner.StrengthTestRunner" name="strengthdisableenable" time="52.681"/>
  <testcase classname="com.MastersTestRunner.StrengthTestRunner" name="strengthcreation" time="59.060"/>
  <testcase classname="com.MastersTestRunner.StrengthTestRunner" name="strengthupdatewithspace" time="38.054"/>
  <testcase classname="com.MastersTestRunner.StrengthTestRunner" name="existedstrengthcreation" time="36.964"/>
</testsuite> <!-- com.MastersTestRunner.StrengthTestRunner -->
