<?xml version="1.0" encoding="UTF-8"?>
<!-- Generated by org.testng.reporters.JUnitReportReporter -->
<testsuite hostname="AILT-100247" failures="0" tests="1" name="com.IPQATestRunner.BPRUnusedQtyApprovalorRejection" time="51.371" errors="0" timestamp="2024-12-13T09:54:45 IST" skipped="0">
  <testcase classname="com.IPQATestRunner.BPRUnusedQtyApprovalorRejection" name="unusedqtyRejection" time="51.371"/>
</testsuite> <!-- com.IPQATestRunner.BPRUnusedQtyApprovalorRejection -->
