<?xml version="1.0" encoding="UTF-8"?>
<!-- Generated by org.testng.reporters.JUnitReportReporter -->
<testsuite hostname="AITHCLT046" failures="0" tests="1" name="com.QAHODorInchargeTestRunner.BMRPrintreqApproval" time="47.056" errors="0" timestamp="2025-05-02T15:53:57 IST" skipped="0">
  <testcase classname="com.QAHODorInchargeTestRunner.BMRPrintreqApproval" name="printApproval" time="47.056"/>
</testsuite> <!-- com.QAHODorInchargeTestRunner.BMRPrintreqApproval -->
