<?xml version="1.0" encoding="UTF-8"?>
<!-- Generated by org.testng.reporters.JUnitReportReporter -->
<testsuite hostname="AITHCLT046" failures="0" tests="1" name="com.QAHODorInchargeTestRunner.BMRPrintreqApproval" time="34.246" errors="0" timestamp="2025-02-06T16:41:48 IST" skipped="0">
  <testcase classname="com.QAHODorInchargeTestRunner.BMRPrintreqApproval" name="printApproval" time="34.246"/>
</testsuite> <!-- com.QAHODorInchargeTestRunner.BMRPrintreqApproval -->
