<?xml version="1.0" encoding="UTF-8"?>
<!-- Generated by org.testng.reporters.JUnitReportReporter -->
<testsuite hostname="AITHCLT046" failures="0" tests="1" name="com.QADocCellTestRunner.BPRMasterReqApprovalRejection" time="28.816" errors="0" timestamp="2025-05-12T12:08:41 IST" skipped="0">
  <testcase classname="com.QADocCellTestRunner.BPRMasterReqApprovalRejection" name="bprmasterreqapproval" time="28.816"/>
</testsuite> <!-- com.QADocCellTestRunner.BPRMasterReqApprovalRejection -->
