<?xml version="1.0" encoding="UTF-8"?>
<!-- Generated by org.testng.reporters.JUnitReportReporter -->
<testsuite hostname="AITHCLT046" failures="0" tests="2" name="com.QAHODorInchargeTestRunner.BMRProductDetailsApprovalorReturn" time="52.779" errors="0" timestamp="2025-02-01T16:42:37 IST" skipped="0">
  <testcase classname="com.QAHODorInchargeTestRunner.BMRProductDetailsApprovalorReturn" name="hodApproval" time="26.673"/>
  <testcase classname="com.QAHODorInchargeTestRunner.BMRProductDetailsApprovalorReturn" name="hodReturn" time="26.106"/>
</testsuite> <!-- com.QAHODorInchargeTestRunner.BMRProductDetailsApprovalorReturn -->
