<?xml version="1.0" encoding="UTF-8"?>
<!-- Generated by org.testng.reporters.JUnitReportReporter -->
<testsuite hostname="AILT-100247" failures="0" tests="1" name="com.InitiatorTestRunner.BMRDraftInitiation" time="152.926" errors="0" timestamp="2024-10-07T17:52:47 IST" skipped="0">
  <testcase classname="com.InitiatorTestRunner.BMRDraftInitiation" name="draftinitiation" time="152.926"/>
</testsuite> <!-- com.InitiatorTestRunner.BMRDraftInitiation -->
