<?xml version="1.0" encoding="UTF-8"?>
<!-- Generated by org.testng.reporters.JUnitReportReporter -->
<testsuite hostname="AITHCLT046" failures="0" tests="1" name="com.QAHODorInchargeTestRunner.BPRMasterApproval" time="33.807" errors="0" timestamp="2025-02-07T11:11:39 IST" skipped="0">
  <testcase classname="com.QAHODorInchargeTestRunner.BPRMasterApproval" name="bprmasterApprovalbyQAIncharge" time="33.807"/>
</testsuite> <!-- com.QAHODorInchargeTestRunner.BPRMasterApproval -->
