<?xml version="1.0" encoding="UTF-8"?>
<!-- Generated by org.testng.reporters.JUnitReportReporter -->
<testsuite hostname="AILT-100247" failures="0" tests="2" name="com.QAOfficerTestRunner.BMRPrintIssuance" time="109.055" errors="0" timestamp="2024-12-21T12:49:40 IST" skipped="0">
  <testcase classname="com.QAOfficerTestRunner.BMRPrintIssuance" name="issue" time="61.247"/>
  <testcase classname="com.QAOfficerTestRunner.BMRPrintIssuance" name="print" time="47.808"/>
</testsuite> <!-- com.QAOfficerTestRunner.BMRPrintIssuance -->
