<?xml version="1.0" encoding="UTF-8"?>
<!-- Generated by org.testng.reporters.JUnitReportReporter -->
<testsuite hostname="AILT-100247" failures="0" tests="1" name="com.ProductionInchargeTestRunner.BMRPrintReview" time="54.556" errors="0" timestamp="2024-12-24T10:19:36 IST" skipped="0">
  <testcase classname="com.ProductionInchargeTestRunner.BMRPrintReview" name="printReview" time="54.556"/>
</testsuite> <!-- com.ProductionInchargeTestRunner.BMRPrintReview -->
