<?xml version="1.0" encoding="UTF-8"?>
<!-- Generated by org.testng.reporters.JUnitReportReporter -->
<testsuite hostname="AITHCLT046" failures="0" tests="1" name="com.ProductionExecutiveTestRunner.BMRPrintRequestInitiation" time="52.815" errors="0" timestamp="2025-05-15T10:31:18 IST" skipped="0">
  <testcase classname="com.ProductionExecutiveTestRunner.BMRPrintRequestInitiation" name="printRecievedAcknowledgment" time="52.815"/>
</testsuite> <!-- com.ProductionExecutiveTestRunner.BMRPrintRequestInitiation -->
