<?xml version="1.0" encoding="UTF-8"?>
<!-- Generated by org.testng.reporters.JUnitReportReporter -->
<testsuite hostname="AITHCLT046" failures="0" tests="1" name="com.QADocCellTestRunner.BPRMasterEffective" time="32.412" errors="0" timestamp="2025-02-07T11:11:39 IST" skipped="0">
  <testcase classname="com.QADocCellTestRunner.BPRMasterEffective" name="bprmasterApprovalEffectivebyQADocCell" time="32.412"/>
</testsuite> <!-- com.QADocCellTestRunner.BPRMasterEffective -->
