<?xml version="1.0" encoding="UTF-8"?>
<!-- Generated by org.testng.reporters.JUnitReportReporter -->
<testsuite hostname="AITHCLT046" failures="0" tests="4" name="com.RATestRunner.BMRMasterApprovalbyRA" time="128.790" errors="0" timestamp="2025-02-06T14:44:04 IST" skipped="0">
  <testcase classname="com.RATestRunner.BMRMasterApprovalbyRA" name="rAMasterApproval" time="32.036"/>
  <testcase classname="com.RATestRunner.BMRMasterApprovalbyRA" name="masterApprovalReturnbyRA" time="32.736"/>
  <testcase classname="com.RATestRunner.BMRMasterApprovalbyRA" name="rAMasterApproval" time="31.925"/>
  <testcase classname="com.RATestRunner.BMRMasterApprovalbyRA" name="rAMasterApproval" time="32.093"/>
</testsuite> <!-- com.RATestRunner.BMRMasterApprovalbyRA -->
