<?xml version="1.0" encoding="UTF-8"?>
<!-- Generated by org.testng.reporters.JUnitReportReporter -->
<testsuite hostname="AILT-100247" failures="0" tests="2" name="com.InitiatorTestRunner.BMRProductDetailsInitiation" time="106.820" errors="0" timestamp="2025-01-25T12:09:05 IST" skipped="0">
  <testcase classname="com.InitiatorTestRunner.BMRProductDetailsInitiation" name="bulkbilayerinitiation" time="75.323"/>
  <testcase classname="com.InitiatorTestRunner.BMRProductDetailsInitiation" name="bulkReinitiation" time="31.497"/>
</testsuite> <!-- com.InitiatorTestRunner.BMRProductDetailsInitiation -->
