<?xml version="1.0" encoding="UTF-8"?>
<!-- Generated by org.testng.reporters.JUnitReportReporter -->
<testsuite hostname="AILT-100247" failures="0" tests="1" name="com.InitiatorTestRunner.BMRMasterPreparationRequest" time="65.448" errors="0" timestamp="2025-01-20T14:13:22 IST" skipped="0">
  <testcase classname="com.InitiatorTestRunner.BMRMasterPreparationRequest" name="bmrMasterpreparation" time="65.448"/>
</testsuite> <!-- com.InitiatorTestRunner.BMRMasterPreparationRequest -->
