<?xml version="1.0" encoding="UTF-8"?>
<!-- Generated by org.testng.reporters.JUnitReportReporter -->
<testsuite hostname="AILT-100247" failures="0" tests="1" name="com.QAOfficerTestRunner.BMRBatchClosureInitiationbyQAOfficer" time="62.091" errors="0" timestamp="2024-12-24T10:24:37 IST" skipped="0">
  <testcase classname="com.QAOfficerTestRunner.BMRBatchClosureInitiationbyQAOfficer" name="batchclosureInitiation" time="62.091"/>
</testsuite> <!-- com.QAOfficerTestRunner.BMRBatchClosureInitiationbyQAOfficer -->
