<?xml version="1.0" encoding="UTF-8"?>
<!-- Generated by org.testng.reporters.JUnitReportReporter -->
<testsuite hostname="AITHCLT046" failures="0" tests="1" name="com.QAHODorInchargeTestRunner.BPRPrintReqApproval" time="34.865" errors="0" timestamp="2025-02-07T15:12:09 IST" skipped="0">
  <testcase classname="com.QAHODorInchargeTestRunner.BPRPrintReqApproval" name="printApproval" time="34.865"/>
</testsuite> <!-- com.QAHODorInchargeTestRunner.BPRPrintReqApproval -->
