<?xml version="1.0" encoding="UTF-8"?>
<!-- Generated by org.testng.reporters.JUnitReportReporter -->
<testsuite hostname="AITHCLT046" failures="0" tests="1" name="com.ProductionInchargeTestRunner.BMRPrintReview" time="40.977" errors="0" timestamp="2025-02-06T16:41:47 IST" skipped="0">
  <testcase classname="com.ProductionInchargeTestRunner.BMRPrintReview" name="printReview" time="40.977"/>
</testsuite> <!-- com.ProductionInchargeTestRunner.BMRPrintReview -->
