<?xml version="1.0" encoding="UTF-8"?>
<!-- Generated by org.testng.reporters.JUnitReportReporter -->
<testsuite hostname="AILT-100247" failures="0" tests="1" name="com.ValidationInchargeTestRunner.BMRPrintReview" time="40.103" errors="0" timestamp="2025-01-20T17:45:54 IST" skipped="0">
  <testcase classname="com.ValidationInchargeTestRunner.BMRPrintReview" name="printReview" time="40.103"/>
</testsuite> <!-- com.ValidationInchargeTestRunner.BMRPrintReview -->
