<?xml version="1.0" encoding="UTF-8"?>
<!-- Generated by org.testng.reporters.JUnitReportReporter -->
<testsuite hostname="AITHCLT046" failures="0" tests="2" name="com.QAHODorInchargeTestRunner.BMRBeforePrintCancelApprovalorRejection" time="66.874" errors="0" timestamp="2025-02-06T14:59:16 IST" skipped="0">
  <testcase classname="com.QAHODorInchargeTestRunner.BMRBeforePrintCancelApprovalorRejection" name="beforePrintCancelRejection" time="32.344"/>
  <testcase classname="com.QAHODorInchargeTestRunner.BMRBeforePrintCancelApprovalorRejection" name="beforePrintCancelReturn" time="34.530"/>
</testsuite> <!-- com.QAHODorInchargeTestRunner.BMRBeforePrintCancelApprovalorRejection -->
