<?xml version="1.0" encoding="UTF-8"?>
<!-- Generated by org.testng.reporters.JUnitReportReporter -->
<testsuite hostname="AILT-100247" failures="0" tests="1" name="com.QAHODorInchargeTestRunner.BMRPrintreqApproval" time="49.796" errors="0" timestamp="2024-12-21T12:49:40 IST" skipped="0">
  <testcase classname="com.QAHODorInchargeTestRunner.BMRPrintreqApproval" name="printApproval" time="49.796"/>
</testsuite> <!-- com.QAHODorInchargeTestRunner.BMRPrintreqApproval -->
