<?xml version="1.0" encoding="UTF-8"?>
<!-- Generated by org.testng.reporters.JUnitReportReporter -->
<testsuite hostname="AITHCLT046" failures="0" tests="3" name="com.ProductionExecutiveTestRunner.BPRAdditionalPagePrintReqInitiation" time="110.770" errors="0" timestamp="2025-02-07T12:36:36 IST" skipped="0">
  <testcase classname="com.ProductionExecutiveTestRunner.BPRAdditionalPagePrintReqInitiation" name="bpradditionalPageInitiation" time="49.930"/>
  <testcase classname="com.ProductionExecutiveTestRunner.BPRAdditionalPagePrintReqInitiation" name="bpradditionalPageReInitiation" time="30.275"/>
  <testcase classname="com.ProductionExecutiveTestRunner.BPRAdditionalPagePrintReqInitiation" name="bpradditionalPageReInitiation" time="30.565"/>
</testsuite> <!-- com.ProductionExecutiveTestRunner.BPRAdditionalPagePrintReqInitiation -->
