<?xml version="1.0" encoding="UTF-8"?>
<!-- Generated by org.testng.reporters.JUnitReportReporter -->
<testsuite hostname="AITHCLT046" failures="0" tests="3" name="com.ProductionInchargeTestRunner.BMRAfterPrintCancellationReview" time="103.060" errors="0" timestamp="2025-02-01T17:20:32 IST" skipped="0">
  <testcase classname="com.ProductionInchargeTestRunner.BMRAfterPrintCancellationReview" name="afterPrintCancelReturn" time="34.563"/>
  <testcase classname="com.ProductionInchargeTestRunner.BMRAfterPrintCancellationReview" name="afterPrintCancelReview" time="34.283"/>
  <testcase classname="com.ProductionInchargeTestRunner.BMRAfterPrintCancellationReview" name="afterPrintCancelReview" time="34.214"/>
</testsuite> <!-- com.ProductionInchargeTestRunner.BMRAfterPrintCancellationReview -->
