<?xml version="1.0" encoding="UTF-8"?>
<!-- Generated by org.testng.reporters.JUnitReportReporter -->
<testsuite hostname="AITHCLT046" failures="0" tests="3" name="com.ProductionInchargeTestRunner.BPRAfterCancellationReview" time="100.270" errors="0" timestamp="2025-02-07T12:31:31 IST" skipped="0">
  <testcase classname="com.ProductionInchargeTestRunner.BPRAfterCancellationReview" name="afterPrintCancelReturn" time="32.858"/>
  <testcase classname="com.ProductionInchargeTestRunner.BPRAfterCancellationReview" name="afterPrintCancelReview" time="34.419"/>
  <testcase classname="com.ProductionInchargeTestRunner.BPRAfterCancellationReview" name="afterPrintCancelReview" time="32.993"/>
</testsuite> <!-- com.ProductionInchargeTestRunner.BPRAfterCancellationReview -->
