<?xml version="1.0" encoding="UTF-8"?>
<!-- Generated by org.testng.reporters.JUnitReportReporter -->
<testsuite hostname="AITHCLT046" failures="0" tests="2" name="com.QAOfficerTestRunner.BMRReprintIssueandPrint" time="74.872" errors="0" timestamp="2025-02-06T16:01:15 IST" skipped="0">
  <testcase classname="com.QAOfficerTestRunner.BMRReprintIssueandPrint" name="ReprintIssue" time="37.295"/>
  <testcase classname="com.QAOfficerTestRunner.BMRReprintIssueandPrint" name="RePrintPrint" time="37.577"/>
</testsuite> <!-- com.QAOfficerTestRunner.BMRReprintIssueandPrint -->
