<?xml version="1.0" encoding="UTF-8"?>
<!-- Generated by org.testng.reporters.JUnitReportReporter -->
<testsuite hostname="AITHCLT046" failures="0" tests="2" name="com.InitiatorTestRunner.BMRProductDetailsInitiation" time="102.710" errors="0" timestamp="2025-02-01T16:42:37 IST" skipped="0">
  <testcase classname="com.InitiatorTestRunner.BMRProductDetailsInitiation" name="bulkReinitiation" time="27.525"/>
  <testcase classname="com.InitiatorTestRunner.BMRProductDetailsInitiation" name="bulkbilayerinitiation" time="75.185"/>
</testsuite> <!-- com.InitiatorTestRunner.BMRProductDetailsInitiation -->
