<?xml version="1.0" encoding="UTF-8"?>
<!-- Generated by org.testng.reporters.JUnitReportReporter -->
<testsuite hostname="AITHCLT046" failures="0" tests="2" name="com.QAHODorInchargeTestRunner.BPRBatchClosureApproval" time="69.411" errors="0" timestamp="2025-02-07T15:50:43 IST" skipped="0">
  <testcase classname="com.QAHODorInchargeTestRunner.BPRBatchClosureApproval" name="bprbatchclosureApproval" time="34.776"/>
  <testcase classname="com.QAHODorInchargeTestRunner.BPRBatchClosureApproval" name="bprbatchclosureReturn" time="34.635"/>
</testsuite> <!-- com.QAHODorInchargeTestRunner.BPRBatchClosureApproval -->
