<?xml version="1.0" encoding="UTF-8"?>
<!-- Generated by org.testng.reporters.JUnitReportReporter -->
<testsuite hostname="AITHCLT046" failures="0" tests="1" name="com.IPQATestRunner.BPRUnusedQtyApprovalorRejection" time="36.606" errors="0" timestamp="2025-02-07T12:38:41 IST" skipped="0">
  <testcase classname="com.IPQATestRunner.BPRUnusedQtyApprovalorRejection" name="unusedqtyRejection" time="36.606"/>
</testsuite> <!-- com.IPQATestRunner.BPRUnusedQtyApprovalorRejection -->
