<?xml version="1.0" encoding="UTF-8"?>
<!-- Generated by org.testng.reporters.JUnitReportReporter -->
<testsuite hostname="AILT-100247" failures="0" tests="1" name="com.AdminTestRunner.AssignMenuTestRunner" time="71.506" errors="0" timestamp="2024-10-04T11:34:22 IST" skipped="0">
  <testcase classname="com.AdminTestRunner.AssignMenuTestRunner" name="assignmenutest" time="71.506"/>
</testsuite> <!-- com.AdminTestRunner.AssignMenuTestRunner -->
