<?xml version="1.0" encoding="UTF-8"?>
<!-- Generated by org.testng.reporters.JUnitReportReporter -->
<testsuite hostname="AITHCLT046" failures="0" tests="2" name="com.QAHODorInchargeTestRunner.MasterApprovalByQAHOD" time="109.446" errors="0" timestamp="2025-05-14T16:15:39 IST" skipped="0">
  <testcase classname="com.QAHODorInchargeTestRunner.MasterApprovalByQAHOD" name="qaHODMasterApproval" time="45.598"/>
  <testcase classname="com.QAHODorInchargeTestRunner.MasterApprovalByQAHOD" name="masterApprovalReturnbyQAHOD" time="63.848"/>
</testsuite> <!-- com.QAHODorInchargeTestRunner.MasterApprovalByQAHOD -->
