<?xml version="1.0" encoding="UTF-8"?>
<!-- Generated by org.testng.reporters.JUnitReportReporter -->
<testsuite hostname="AILT-100247" failures="0" tests="7" name="com.MastersTestRunner.UnitOfMeasurementTestRunner" time="359.414" errors="0" timestamp="2024-10-08T12:58:01 IST" skipped="0">
  <testcase classname="com.MastersTestRunner.UnitOfMeasurementTestRunner" name="uomcreationwithspace" time="57.375"/>
  <testcase classname="com.MastersTestRunner.UnitOfMeasurementTestRunner" name="existeduomcreation" time="57.188"/>
  <testcase classname="com.MastersTestRunner.UnitOfMeasurementTestRunner" name="uomcreation" time="68.511"/>
  <testcase classname="com.MastersTestRunner.UnitOfMeasurementTestRunner" name="uomupdate" time="58.518"/>
  <testcase classname="com.MastersTestRunner.UnitOfMeasurementTestRunner" name="uomdisableenable" time="32.642"/>
  <testcase classname="com.MastersTestRunner.UnitOfMeasurementTestRunner" name="uomupdatewithspace" time="52.693"/>
  <testcase classname="com.MastersTestRunner.UnitOfMeasurementTestRunner" name="uomdisableenable" time="32.487"/>
</testsuite> <!-- com.MastersTestRunner.UnitOfMeasurementTestRunner -->
