<?xml version="1.0" encoding="UTF-8"?>
<!-- Generated by org.testng.reporters.JUnitReportReporter -->
<testsuite hostname="AITHCLT046" failures="0" tests="1" name="com.QAOfficerTestRunner.BPRBatchCompletionApproval" time="32.725" errors="0" timestamp="2025-01-31T11:10:02 IST" skipped="0">
  <testcase classname="com.QAOfficerTestRunner.BPRBatchCompletionApproval" name="batchcoompletionApproval" time="32.725"/>
</testsuite> <!-- com.QAOfficerTestRunner.BPRBatchCompletionApproval -->
