<?xml version="1.0" encoding="UTF-8"?>
<!-- Generated by org.testng.reporters.JUnitReportReporter -->
<testsuite hostname="AILT-100247" failures="0" tests="1" name="com.ProductionInchargeTestRunner.BPRAdditionalPageReview" time="40.913" errors="0" timestamp="2024-12-12T16:39:40 IST" skipped="0">
  <testcase classname="com.ProductionInchargeTestRunner.BPRAdditionalPageReview" name="bpradditionalPageReturn" time="40.913"/>
</testsuite> <!-- com.ProductionInchargeTestRunner.BPRAdditionalPageReview -->
