<?xml version="1.0" encoding="UTF-8"?>
<!-- Generated by org.testng.reporters.JUnitReportReporter -->
<testsuite hostname="AILT-100247" failures="0" tests="2" name="com.MastersTestRunner.BlockandLocationTestRunner" time="73.195" errors="0" timestamp="2024-10-09T10:34:49 IST" skipped="0">
  <testcase classname="com.MastersTestRunner.BlockandLocationTestRunner" name="existedblocklocationcreation1" time="19.897"/>
  <testcase classname="com.MastersTestRunner.BlockandLocationTestRunner" name="addblocklocationinedit" time="53.298"/>
</testsuite> <!-- com.MastersTestRunner.BlockandLocationTestRunner -->
