<?xml version="1.0" encoding="UTF-8"?>
<!-- Generated by org.testng.reporters.JUnitReportReporter -->
<testsuite hostname="AITHCLT046" failures="0" tests="2" name="com.QAOfficerTestRunner.BMRReprintIssueandPrint" time="75.090" errors="0" timestamp="2025-02-01T17:14:35 IST" skipped="0">
  <testcase classname="com.QAOfficerTestRunner.BMRReprintIssueandPrint" name="ReprintIssue" time="37.790"/>
  <testcase classname="com.QAOfficerTestRunner.BMRReprintIssueandPrint" name="RePrintPrint" time="37.300"/>
</testsuite> <!-- com.QAOfficerTestRunner.BMRReprintIssueandPrint -->
