<?xml version="1.0" encoding="UTF-8"?>
<!-- Generated by org.testng.reporters.JUnitReportReporter -->
<testsuite hostname="AITHCLT046" failures="0" tests="1" name="com.QAHODorInchargeTestRunner.BPRMasterCancelAppovalorRejection" time="23.706" errors="0" timestamp="2025-02-07T11:05:53 IST" skipped="0">
  <testcase classname="com.QAHODorInchargeTestRunner.BPRMasterCancelAppovalorRejection" name="bprmasterCancelRejection" time="23.706"/>
</testsuite> <!-- com.QAHODorInchargeTestRunner.BPRMasterCancelAppovalorRejection -->
