<?xml version="1.0" encoding="UTF-8"?>
<!-- Generated by org.testng.reporters.JUnitReportReporter -->
<testsuite hostname="AILT-100247" failures="0" tests="1" name="com.QAOfficerTestRunner.BMRBatchClosureInitiationbyQAOfficer" time="65.330" errors="0" timestamp="2025-01-21T10:19:58 IST" skipped="0">
  <testcase classname="com.QAOfficerTestRunner.BMRBatchClosureInitiationbyQAOfficer" name="batchclosureInitiation" time="65.330"/>
</testsuite> <!-- com.QAOfficerTestRunner.BMRBatchClosureInitiationbyQAOfficer -->
