<?xml version="1.0" encoding="UTF-8"?>
<!-- Generated by org.testng.reporters.JUnitReportReporter -->
<testsuite hostname="AITHCLT046" failures="0" tests="2" name="com.IPQATestRunner.BMRAdditionalPageApproval" time="51.320" errors="0" timestamp="2025-04-05T14:27:37 IST" skipped="0">
  <testcase classname="com.IPQATestRunner.BMRAdditionalPageApproval" name="additionalPageRejection" time="25.767"/>
  <testcase classname="com.IPQATestRunner.BMRAdditionalPageApproval" name="additionalPageReturnbyIPQA" time="25.553"/>
</testsuite> <!-- com.IPQATestRunner.BMRAdditionalPageApproval -->
