<?xml version="1.0" encoding="UTF-8"?>
<!-- Generated by org.testng.reporters.JUnitReportReporter -->
<testsuite hostname="AITHCLT046" failures="0" tests="3" name="com.ProductionInchargeTestRunner.BPRAdditionalPageReview" time="74.610" errors="0" timestamp="2025-02-07T12:36:36 IST" skipped="0">
  <testcase classname="com.ProductionInchargeTestRunner.BPRAdditionalPageReview" name="bpradditionalPageReview" time="25.150"/>
  <testcase classname="com.ProductionInchargeTestRunner.BPRAdditionalPageReview" name="bpradditionalPageReturn" time="24.755"/>
  <testcase classname="com.ProductionInchargeTestRunner.BPRAdditionalPageReview" name="bpradditionalPageReview" time="24.705"/>
</testsuite> <!-- com.ProductionInchargeTestRunner.BPRAdditionalPageReview -->
