<?xml version="1.0" encoding="UTF-8"?>
<!-- Generated by org.testng.reporters.JUnitReportReporter -->
<testsuite hostname="AITHCLT046" failures="0" tests="1" name="com.ProductionExecutiveTestRunner.BMRAdditionalPagePrintReqInitiation" time="40.463" errors="0" timestamp="2025-05-02T10:49:35 IST" skipped="0">
  <testcase classname="com.ProductionExecutiveTestRunner.BMRAdditionalPagePrintReqInitiation" name="additionalPageAcknowledgment" time="40.463"/>
</testsuite> <!-- com.ProductionExecutiveTestRunner.BMRAdditionalPagePrintReqInitiation -->
