<?xml version="1.0" encoding="UTF-8"?>
<!-- Generated by org.testng.reporters.JUnitReportReporter -->
<testsuite hostname="AILT-100247" failures="0" tests="1" name="com.InitiatorTestRunner.BMRMasterApproval" time="33.696" errors="0" timestamp="2025-01-25T12:44:07 IST" skipped="0">
  <testcase classname="com.InitiatorTestRunner.BMRMasterApproval" name="masterApprovalInitiation" time="33.696"/>
</testsuite> <!-- com.InitiatorTestRunner.BMRMasterApproval -->
