<?xml version="1.0" encoding="UTF-8"?>
<!-- Generated by org.testng.reporters.JUnitReportReporter -->
<testsuite hostname="AITHCLT046" failures="0" tests="1" name="com.InitiatorTestRunner.BMRMasterCancellation" time="39.091" errors="0" timestamp="2025-05-03T12:32:17 IST" skipped="0">
  <testcase classname="com.InitiatorTestRunner.BMRMasterCancellation" name="bmrMasterCancelinitiation" time="39.091"/>
</testsuite> <!-- com.InitiatorTestRunner.BMRMasterCancellation -->
