<?xml version="1.0" encoding="UTF-8"?>
<!-- Generated by org.testng.reporters.JUnitReportReporter -->
<testsuite hostname="AILT-100247" failures="0" tests="2" name="com.ProductionExecutiveTestRunner.BMRPrintRequestInitiation" time="180.860" errors="0" timestamp="2025-01-20T17:45:54 IST" skipped="0">
  <testcase classname="com.ProductionExecutiveTestRunner.BMRPrintRequestInitiation" name="printRecievedAcknowledgment" time="110.380"/>
  <testcase classname="com.ProductionExecutiveTestRunner.BMRPrintRequestInitiation" name="printRequestInitiation" time="70.480"/>
</testsuite> <!-- com.ProductionExecutiveTestRunner.BMRPrintRequestInitiation -->
