<?xml version="1.0" encoding="UTF-8"?>
<!-- Generated by org.testng.reporters.JUnitReportReporter -->
<testsuite hostname="AILT-100247" failures="0" tests="2" name="com.ProductionExecutiveTestRunner.BMRBatchCompletionInitiationbyExe" time="88.671" errors="0" timestamp="2025-01-25T13:28:19 IST" skipped="0">
  <testcase classname="com.ProductionExecutiveTestRunner.BMRBatchCompletionInitiationbyExe" name="bulkbatchReinitiation" time="41.403"/>
  <testcase classname="com.ProductionExecutiveTestRunner.BMRBatchCompletionInitiationbyExe" name="bulkbatchinitiation" time="47.268"/>
</testsuite> <!-- com.ProductionExecutiveTestRunner.BMRBatchCompletionInitiationbyExe -->
