<?xml version="1.0" encoding="UTF-8"?>
<!-- Generated by org.testng.reporters.JUnitReportReporter -->
<testsuite hostname="AITHCLT046" failures="0" tests="1" name="com.QAHODorInchargeTestRunner.BPRMasterApprovalbyQAHOD" time="36.586" errors="0" timestamp="2025-05-12T12:39:45 IST" skipped="0">
  <testcase classname="com.QAHODorInchargeTestRunner.BPRMasterApprovalbyQAHOD" name="bprqaHODMasterApproval" time="36.586"/>
</testsuite> <!-- com.QAHODorInchargeTestRunner.BPRMasterApprovalbyQAHOD -->
