<?xml version="1.0" encoding="UTF-8"?>
<!-- Generated by org.testng.reporters.JUnitReportReporter -->
<testsuite hostname="AITHCLT046" failures="0" tests="2" name="com.QAHODorInchargeTestRunner.BPRRePrintApproval" time="49.334" errors="0" timestamp="2025-01-30T17:34:11 IST" skipped="0">
  <testcase classname="com.QAHODorInchargeTestRunner.BPRRePrintApproval" name="rePrintReturn" time="24.707"/>
  <testcase classname="com.QAHODorInchargeTestRunner.BPRRePrintApproval" name="rePrintApproval" time="24.627"/>
</testsuite> <!-- com.QAHODorInchargeTestRunner.BPRRePrintApproval -->
