<?xml version="1.0" encoding="UTF-8"?>
<!-- Generated by org.testng.reporters.JUnitReportReporter -->
<testsuite hostname="AITHCLT046" failures="0" tests="2" name="com.ProductionExecutiveTestRunner.BMRBatchCompletionInitiationbyExe" time="79.870" errors="0" timestamp="2025-02-01T17:30:08 IST" skipped="0">
  <testcase classname="com.ProductionExecutiveTestRunner.BMRBatchCompletionInitiationbyExe" name="bulkbatchinitiation" time="40.662"/>
  <testcase classname="com.ProductionExecutiveTestRunner.BMRBatchCompletionInitiationbyExe" name="bulkbatchReinitiation" time="39.208"/>
</testsuite> <!-- com.ProductionExecutiveTestRunner.BMRBatchCompletionInitiationbyExe -->
