<?xml version="1.0" encoding="UTF-8"?>
<!-- Generated by org.testng.reporters.JUnitReportReporter -->
<testsuite hostname="AITHCLT046" failures="0" tests="1" name="com.ProductionExecutiveTestRunner.BPRUnUsedQunatityInitiation" time="36.880" errors="0" timestamp="2025-02-07T12:38:41 IST" skipped="0">
  <testcase classname="com.ProductionExecutiveTestRunner.BPRUnUsedQunatityInitiation" name="unusedqtyInitiation" time="36.880"/>
</testsuite> <!-- com.ProductionExecutiveTestRunner.BPRUnUsedQunatityInitiation -->
