<?xml version="1.0" encoding="UTF-8"?>
<!-- Generated by org.testng.reporters.JUnitReportReporter -->
<testsuite hostname="AITHCLT046" failures="0" tests="4" name="com.QADocCellTestRunner.BMRObsoleteInitiation" time="143.074" errors="0" timestamp="2025-02-07T16:32:51 IST" skipped="0">
  <testcase classname="com.QADocCellTestRunner.BMRObsoleteInitiation" name="obsoleteInitiation" time="37.811"/>
  <testcase classname="com.QADocCellTestRunner.BMRObsoleteInitiation" name="finalobsolete" time="36.535"/>
  <testcase classname="com.QADocCellTestRunner.BMRObsoleteInitiation" name="obsoleteReInitiation" time="34.244"/>
  <testcase classname="com.QADocCellTestRunner.BMRObsoleteInitiation" name="obsoleteReInitiation" time="34.484"/>
</testsuite> <!-- com.QADocCellTestRunner.BMRObsoleteInitiation -->
