<?xml version="1.0" encoding="UTF-8"?>
<!-- Generated by org.testng.reporters.JUnitReportReporter -->
<testsuite hostname="AILT-100247" failures="0" tests="2" name="com.QAOfficerTestRunner.BMRReprintReqInitiation" time="125.879" errors="0" timestamp="2024-12-23T13:35:40 IST" skipped="0">
  <testcase classname="com.QAOfficerTestRunner.BMRReprintReqInitiation" name="rePrintInitiation" time="76.197"/>
  <testcase classname="com.QAOfficerTestRunner.BMRReprintReqInitiation" name="rePrintReInitiation" time="49.682"/>
</testsuite> <!-- com.QAOfficerTestRunner.BMRReprintReqInitiation -->
